2017-06-22 16:10:18.613+0000 WARN [o.n.i.p.PageCache] The dbms.memory.pagecache.size setting has not been configured. It is recommended that this setting is always explicitly configured, to ensure the system has a balanced configuration. Until then, a computed heuristic value of 3911917568 bytes will be used instead. 
2017-06-22 16:10:19.067+0000 INFO [o.n.k.i.f.CommunityEditionModule] No locking implementation specified, defaulting to 'community'
2017-06-22 16:10:19.352+0000 INFO [o.n.k.AvailabilityGuard] Requirement makes database unavailable: Database available
2017-06-22 16:10:19.436+0000 INFO [o.n.k.i.DiagnosticsManager] --- INITIALIZED diagnostics START ---
2017-06-22 16:10:19.448+0000 INFO [o.n.k.i.DiagnosticsManager] Neo4j Kernel properties:
2017-06-22 16:10:19.448+0000 INFO [o.n.k.i.DiagnosticsManager] dbms.security.auth_enabled=false
2017-06-22 16:10:19.449+0000 INFO [o.n.k.i.DiagnosticsManager] dbms.directories.import=import
2017-06-22 16:10:19.449+0000 INFO [o.n.k.i.DiagnosticsManager] causal_clustering.raft_advertised_address=adcda14bce88:7000
2017-06-22 16:10:19.449+0000 INFO [o.n.k.i.DiagnosticsManager] dbms.memory.heap.initial_size=512M
2017-06-22 16:10:19.449+0000 INFO [o.n.k.i.DiagnosticsManager] ha.host.coordination=adcda14bce88:5001
2017-06-22 16:10:19.449+0000 INFO [o.n.k.i.DiagnosticsManager] dbms.jvm.additional=-Dunsupported.dbms.udc.source=tarball
2017-06-22 16:10:19.449+0000 INFO [o.n.k.i.DiagnosticsManager] dbms.tx_log.rotation.retention_policy=100M size
2017-06-22 16:10:19.449+0000 INFO [o.n.k.i.DiagnosticsManager] elasticsearch.index_spec=crime:Crime(caseNumber,caseDate,updatedOn,fbiCode,arrest,latitude,longitude,xCordinate,yCordinate,description,iucr,district,communityArea,beat,ward,locDescription,domestic,primaryType,location)
2017-06-22 16:10:19.449+0000 INFO [o.n.k.i.DiagnosticsManager] dbms.windows_service_name=neo4j
2017-06-22 16:10:19.449+0000 INFO [o.n.k.i.DiagnosticsManager] dbms.connector.bolt.listen_address=0.0.0.0:7687
2017-06-22 16:10:19.449+0000 INFO [o.n.k.i.DiagnosticsManager] elasticsearch.host_name=http://localhost:9200
2017-06-22 16:10:19.449+0000 INFO [o.n.k.i.DiagnosticsManager] dbms.connector.bolt.enabled=true
2017-06-22 16:10:19.449+0000 INFO [o.n.k.i.DiagnosticsManager] dbms.unmanaged_extension_classes=org.sharkyaya.app=/unmanaged
2017-06-22 16:10:19.449+0000 INFO [o.n.k.i.DiagnosticsManager] dbms.connector.http.enabled=true
2017-06-22 16:10:19.449+0000 INFO [o.n.k.i.DiagnosticsManager] causal_clustering.discovery_listen_address=0.0.0.0:5000
2017-06-22 16:10:19.450+0000 INFO [o.n.k.i.DiagnosticsManager] dbms.connector.bolt.type=BOLT
2017-06-22 16:10:19.450+0000 INFO [o.n.k.i.DiagnosticsManager] dbms.connector.http.listen_address=0.0.0.0:7474
2017-06-22 16:10:19.450+0000 INFO [o.n.k.i.DiagnosticsManager] unsupported.dbms.directories.neo4j_home=/var/lib/neo4j
2017-06-22 16:10:19.450+0000 INFO [o.n.k.i.DiagnosticsManager] causal_clustering.raft_listen_address=0.0.0.0:7000
2017-06-22 16:10:19.450+0000 INFO [o.n.k.i.DiagnosticsManager] HEAP.MEMORY=2048
2017-06-22 16:10:19.450+0000 INFO [o.n.k.i.DiagnosticsManager] dbms.connector.https.enabled=true
2017-06-22 16:10:19.450+0000 INFO [o.n.k.i.DiagnosticsManager] dbms.connector.http.type=HTTP
2017-06-22 16:10:19.450+0000 INFO [o.n.k.i.DiagnosticsManager] dbms.memory.heap.max_size=512M
2017-06-22 16:10:19.450+0000 INFO [o.n.k.i.DiagnosticsManager] dbms.connectors.default_listen_address=0.0.0.0
2017-06-22 16:10:19.450+0000 INFO [o.n.k.i.DiagnosticsManager] CACHE.MEMORY=1G
2017-06-22 16:10:19.450+0000 INFO [o.n.k.i.DiagnosticsManager] dbms.connector.https.listen_address=0.0.0.0:7473
2017-06-22 16:10:19.450+0000 INFO [o.n.k.i.DiagnosticsManager] causal_clustering.transaction_advertised_address=adcda14bce88:6000
2017-06-22 16:10:19.450+0000 INFO [o.n.k.i.DiagnosticsManager] causal_clustering.discovery_advertised_address=adcda14bce88:5000
2017-06-22 16:10:19.451+0000 INFO [o.n.k.i.DiagnosticsManager] dbms.connector.https.type=HTTP
2017-06-22 16:10:19.451+0000 INFO [o.n.k.i.DiagnosticsManager] ha.host.data=adcda14bce88:6001
2017-06-22 16:10:19.451+0000 INFO [o.n.k.i.DiagnosticsManager] unsupported.dbms.edition=community
2017-06-22 16:10:19.451+0000 INFO [o.n.k.i.DiagnosticsManager] dbms.directories.logs=/logs
2017-06-22 16:10:19.451+0000 INFO [o.n.k.i.DiagnosticsManager] causal_clustering.transaction_listen_address=0.0.0.0:6000
2017-06-22 16:10:19.451+0000 INFO [o.n.k.i.DiagnosticsManager] wrapper.java.additional=-Dneo4j.ext.udc.source=docker
2017-06-22 16:10:19.451+0000 INFO [o.n.k.i.DiagnosticsManager] dbms.directories.plugins=/plugins
2017-06-22 16:10:19.451+0000 INFO [o.n.k.i.DiagnosticsManager] Diagnostics providers:
2017-06-22 16:10:19.451+0000 INFO [o.n.k.i.DiagnosticsManager] org.neo4j.kernel.configuration.Config
2017-06-22 16:10:19.451+0000 INFO [o.n.k.i.DiagnosticsManager] org.neo4j.kernel.info.DiagnosticsManager
2017-06-22 16:10:19.451+0000 INFO [o.n.k.i.DiagnosticsManager] SYSTEM_MEMORY
2017-06-22 16:10:19.451+0000 INFO [o.n.k.i.DiagnosticsManager] JAVA_MEMORY
2017-06-22 16:10:19.451+0000 INFO [o.n.k.i.DiagnosticsManager] OPERATING_SYSTEM
2017-06-22 16:10:19.451+0000 INFO [o.n.k.i.DiagnosticsManager] JAVA_VIRTUAL_MACHINE
2017-06-22 16:10:19.451+0000 INFO [o.n.k.i.DiagnosticsManager] CLASSPATH
2017-06-22 16:10:19.451+0000 INFO [o.n.k.i.DiagnosticsManager] LIBRARY_PATH
2017-06-22 16:10:19.451+0000 INFO [o.n.k.i.DiagnosticsManager] SYSTEM_PROPERTIES
2017-06-22 16:10:19.451+0000 INFO [o.n.k.i.DiagnosticsManager] LINUX_SCHEDULERS
2017-06-22 16:10:19.452+0000 INFO [o.n.k.i.DiagnosticsManager] NETWORK
2017-06-22 16:10:19.452+0000 INFO [o.n.k.i.DiagnosticsManager] System memory information:
2017-06-22 16:10:19.470+0000 INFO [o.n.k.i.DiagnosticsManager] Total Physical memory: 7.79 GB
2017-06-22 16:10:19.471+0000 INFO [o.n.k.i.DiagnosticsManager] Free Physical memory: 5.31 GB
2017-06-22 16:10:19.471+0000 INFO [o.n.k.i.DiagnosticsManager] Committed virtual memory: 1.96 GB
2017-06-22 16:10:19.471+0000 INFO [o.n.k.i.DiagnosticsManager] Total swap space: 1024.00 MB
2017-06-22 16:10:19.471+0000 INFO [o.n.k.i.DiagnosticsManager] Free swap space: 1024.00 MB
2017-06-22 16:10:19.471+0000 INFO [o.n.k.i.DiagnosticsManager] JVM memory information:
2017-06-22 16:10:19.472+0000 INFO [o.n.k.i.DiagnosticsManager] Free  memory: 464.18 MB
2017-06-22 16:10:19.472+0000 INFO [o.n.k.i.DiagnosticsManager] Total memory: 512.00 MB
2017-06-22 16:10:19.476+0000 INFO [o.n.k.i.DiagnosticsManager] Max   memory: 512.00 MB
2017-06-22 16:10:19.494+0000 INFO [o.n.k.i.DiagnosticsManager] Garbage Collector: G1 Young Generation: [G1 Eden Space, G1 Survivor Space]
2017-06-22 16:10:19.494+0000 INFO [o.n.k.i.DiagnosticsManager] Garbage Collector: G1 Old Generation: [G1 Eden Space, G1 Survivor Space, G1 Old Gen]
2017-06-22 16:10:19.494+0000 INFO [o.n.k.i.DiagnosticsManager] Memory Pool: Code Cache (Non-heap memory): committed=5.75 MB, used=5.72 MB, max=240.00 MB, threshold=0.00 B
2017-06-22 16:10:19.495+0000 INFO [o.n.k.i.DiagnosticsManager] Memory Pool: Metaspace (Non-heap memory): committed=15.00 MB, used=14.12 MB, max=-1.00 B, threshold=0.00 B
2017-06-22 16:10:19.495+0000 INFO [o.n.k.i.DiagnosticsManager] Memory Pool: Compressed Class Space (Non-heap memory): committed=2.00 MB, used=1.74 MB, max=1.00 GB, threshold=0.00 B
2017-06-22 16:10:19.495+0000 INFO [o.n.k.i.DiagnosticsManager] Memory Pool: G1 Eden Space (Heap memory): committed=24.00 MB, used=12.00 MB, max=-1.00 B, threshold=?
2017-06-22 16:10:19.496+0000 INFO [o.n.k.i.DiagnosticsManager] Memory Pool: G1 Survivor Space (Heap memory): committed=4.00 MB, used=4.00 MB, max=-1.00 B, threshold=?
2017-06-22 16:10:19.497+0000 INFO [o.n.k.i.DiagnosticsManager] Memory Pool: G1 Old Gen (Heap memory): committed=484.00 MB, used=31.82 MB, max=512.00 MB, threshold=0.00 B
2017-06-22 16:10:19.497+0000 INFO [o.n.k.i.DiagnosticsManager] Operating system information:
2017-06-22 16:10:19.497+0000 INFO [o.n.k.i.DiagnosticsManager] Operating System: Linux; version: 4.9.27-moby; arch: amd64; cpus: 4
2017-06-22 16:10:19.498+0000 INFO [o.n.k.i.DiagnosticsManager] Max number of file descriptors: 1048576
2017-06-22 16:10:19.498+0000 INFO [o.n.k.i.DiagnosticsManager] Number of open file descriptors: 102
2017-06-22 16:10:19.500+0000 INFO [o.n.k.i.DiagnosticsManager] Process id: 1@adcda14bce88
2017-06-22 16:10:19.500+0000 INFO [o.n.k.i.DiagnosticsManager] Byte order: LITTLE_ENDIAN
2017-06-22 16:10:19.500+0000 INFO [o.n.k.i.DiagnosticsManager] Local timezone: GMT
2017-06-22 16:10:19.500+0000 INFO [o.n.k.i.DiagnosticsManager] JVM information:
2017-06-22 16:10:19.500+0000 INFO [o.n.k.i.DiagnosticsManager] VM Name: OpenJDK 64-Bit Server VM
2017-06-22 16:10:19.500+0000 INFO [o.n.k.i.DiagnosticsManager] VM Vendor: Oracle Corporation
2017-06-22 16:10:19.501+0000 INFO [o.n.k.i.DiagnosticsManager] VM Version: 25.131-b11
2017-06-22 16:10:19.501+0000 INFO [o.n.k.i.DiagnosticsManager] JIT compiler: HotSpot 64-Bit Tiered Compilers
2017-06-22 16:10:19.502+0000 INFO [o.n.k.i.DiagnosticsManager] VM Arguments: [-Xms512M, -Xmx512M, -XX:+UseG1GC, -XX:-OmitStackTraceInFastThrow, -XX:+AlwaysPreTouch, -XX:+UnlockExperimentalVMOptions, -XX:+TrustFinalNonStaticFields, -XX:+DisableExplicitGC, -Djdk.tls.ephemeralDHKeySize=2048, -Dunsupported.dbms.udc.source=tarball, -Dfile.encoding=UTF-8]
2017-06-22 16:10:19.502+0000 INFO [o.n.k.i.DiagnosticsManager] Java classpath:
2017-06-22 16:10:19.503+0000 INFO [o.n.k.i.DiagnosticsManager]  [classpath + loader.0] file:/var/lib/neo4j/lib/jetty-util-9.2.9.v20150224.jar
2017-06-22 16:10:19.504+0000 INFO [o.n.k.i.DiagnosticsManager]  [classpath + loader.0] file:/var/lib/neo4j/lib/neo4j-collections-3.2.1.jar
2017-06-22 16:10:19.504+0000 INFO [o.n.k.i.DiagnosticsManager]  [classpath + loader.0] file:/var/lib/neo4j/lib/neo4j-shell-3.2.1.jar
2017-06-22 16:10:19.504+0000 INFO [o.n.k.i.DiagnosticsManager]  [classpath + loader.0] file:/var/lib/neo4j/lib/jackson-core-asl-1.9.13.jar
2017-06-22 16:10:19.504+0000 INFO [o.n.k.i.DiagnosticsManager]  [loader.1] file:/usr/lib/jvm/java-1.8-openjdk/jre/lib/ext/jaccess.jar
2017-06-22 16:10:19.504+0000 INFO [o.n.k.i.DiagnosticsManager]  [classpath + loader.0] file:/var/lib/neo4j/lib/jetty-server-9.2.9.v20150224.jar
2017-06-22 16:10:19.504+0000 INFO [o.n.k.i.DiagnosticsManager]  [classpath + loader.0] file:/var/lib/neo4j/lib/neo4j-browser-3.0.4.jar
2017-06-22 16:10:19.504+0000 INFO [o.n.k.i.DiagnosticsManager]  [classpath + loader.0] file:/var/lib/neo4j/lib/scala-reflect-2.11.8.jar
2017-06-22 16:10:19.504+0000 INFO [o.n.k.i.DiagnosticsManager]  [classpath + loader.0] file:/var/lib/neo4j/lib/commons-io-2.4.jar
2017-06-22 16:10:19.504+0000 INFO [o.n.k.i.DiagnosticsManager]  [classpath + loader.0] file:/var/lib/neo4j/lib/concurrentlinkedhashmap-lru-1.4.2.jar
2017-06-22 16:10:19.504+0000 INFO [o.n.k.i.DiagnosticsManager]  [classpath + loader.0] file:/var/lib/neo4j/lib/neo4j-dbms-3.2.1.jar
2017-06-22 16:10:19.504+0000 INFO [o.n.k.i.DiagnosticsManager]  [classpath + loader.0] file:/var/lib/neo4j/lib/jetty-io-9.2.9.v20150224.jar
2017-06-22 16:10:19.504+0000 INFO [o.n.k.i.DiagnosticsManager]  [bootstrap] /usr/lib/jvm/java-1.8-openjdk/jre/lib/jce.jar
2017-06-22 16:10:19.504+0000 INFO [o.n.k.i.DiagnosticsManager]  [classpath + loader.0] file:/var/lib/neo4j/lib/neo4j-server-3.2.1.jar
2017-06-22 16:10:19.504+0000 INFO [o.n.k.i.DiagnosticsManager]  [classpath + loader.0] file:/var/lib/neo4j/lib/commons-beanutils-1.8.3.jar
2017-06-22 16:10:19.504+0000 INFO [o.n.k.i.DiagnosticsManager]  [classpath + loader.0] file:/var/lib/neo4j/lib/jersey-core-1.19.jar
2017-06-22 16:10:19.504+0000 INFO [o.n.k.i.DiagnosticsManager]  [classpath + loader.0] file:/plugins/commons-csv-1.4.jar
2017-06-22 16:10:19.504+0000 INFO [o.n.k.i.DiagnosticsManager]  [classpath + loader.0] file:/var/lib/neo4j/lib/commons-configuration-1.10.jar
2017-06-22 16:10:19.504+0000 INFO [o.n.k.i.DiagnosticsManager]  [classpath + loader.0] file:/plugins/neo4j-elastic-river-1.0.jar
2017-06-22 16:10:19.504+0000 INFO [o.n.k.i.DiagnosticsManager]  [classpath + loader.0] file:/var/lib/neo4j/lib/netty-all-4.1.8.Final.jar
2017-06-22 16:10:19.504+0000 INFO [o.n.k.i.DiagnosticsManager]  [classpath + loader.0] file:/var/lib/neo4j/lib/neo4j-lucene-upgrade-3.2.1.jar
2017-06-22 16:10:19.504+0000 INFO [o.n.k.i.DiagnosticsManager]  [loader.1] file:/usr/lib/jvm/java-1.8-openjdk/jre/lib/ext/sunec.jar
2017-06-22 16:10:19.504+0000 INFO [o.n.k.i.DiagnosticsManager]  [classpath + loader.0] file:/var/lib/neo4j/lib/lucene-codecs-5.5.0.jar
2017-06-22 16:10:19.504+0000 INFO [o.n.k.i.DiagnosticsManager]  [bootstrap] /usr/lib/jvm/java-1.8-openjdk/jre/classes
2017-06-22 16:10:19.504+0000 INFO [o.n.k.i.DiagnosticsManager]  [classpath + loader.0] file:/var/lib/neo4j/lib/neo4j-graph-matching-3.1.3.jar
2017-06-22 16:10:19.504+0000 INFO [o.n.k.i.DiagnosticsManager]  [classpath + loader.0] file:/var/lib/neo4j/lib/neo4j-configuration-3.2.1.jar
2017-06-22 16:10:19.504+0000 INFO [o.n.k.i.DiagnosticsManager]  [classpath + loader.0] file:/var/lib/neo4j/lib/bcprov-jdk15on-1.53.jar
2017-06-22 16:10:19.504+0000 INFO [o.n.k.i.DiagnosticsManager]  [classpath + loader.0] file:/var/lib/neo4j/lib/commons-digester-2.1.jar
2017-06-22 16:10:19.504+0000 INFO [o.n.k.i.DiagnosticsManager]  [classpath + loader.0] file:/var/lib/neo4j/lib/neo4j-logging-3.2.1.jar
2017-06-22 16:10:19.504+0000 INFO [o.n.k.i.DiagnosticsManager]  [classpath + loader.0] file:/var/lib/neo4j/lib/javax.servlet-api-3.1.0.jar
2017-06-22 16:10:19.504+0000 INFO [o.n.k.i.DiagnosticsManager]  [bootstrap] /usr/lib/jvm/java-1.8-openjdk/jre/lib/rt.jar
2017-06-22 16:10:19.504+0000 INFO [o.n.k.i.DiagnosticsManager]  [loader.1] file:/usr/lib/jvm/java-1.8-openjdk/jre/lib/ext/localedata.jar
2017-06-22 16:10:19.505+0000 INFO [o.n.k.i.DiagnosticsManager]  [classpath + loader.0] file:/var/lib/neo4j/lib/neo4j-graph-algo-3.2.1.jar
2017-06-22 16:10:19.505+0000 INFO [o.n.k.i.DiagnosticsManager]  [classpath + loader.0] file:/var/lib/neo4j/lib/neo4j-graphdb-api-3.2.1.jar
2017-06-22 16:10:19.505+0000 INFO [o.n.k.i.DiagnosticsManager]  [classpath + loader.0] file:/var/lib/neo4j/lib/neo4j-index-3.2.1.jar
2017-06-22 16:10:19.505+0000 INFO [o.n.k.i.DiagnosticsManager]  [classpath + loader.0] file:/var/lib/neo4j/lib/neo4j-command-line-3.2.1.jar
2017-06-22 16:10:19.505+0000 INFO [o.n.k.i.DiagnosticsManager]  [loader.1] file:/usr/lib/jvm/java-1.8-openjdk/jre/lib/ext/sunjce_provider.jar
2017-06-22 16:10:19.505+0000 INFO [o.n.k.i.DiagnosticsManager]  [classpath + loader.0] file:/var/lib/neo4j/lib/commons-lang-2.6.jar
2017-06-22 16:10:19.505+0000 INFO [o.n.k.i.DiagnosticsManager]  [classpath + loader.0] file:/var/lib/neo4j/lib/jetty-servlet-9.2.9.v20150224.jar
2017-06-22 16:10:19.505+0000 INFO [o.n.k.i.DiagnosticsManager]  [classpath + loader.0] file:/var/lib/neo4j/lib/rhino-1.7R4.jar
2017-06-22 16:10:19.505+0000 INFO [o.n.k.i.DiagnosticsManager]  [classpath + loader.0] file:/var/lib/neo4j/lib/jetty-http-9.2.9.v20150224.jar
2017-06-22 16:10:19.505+0000 INFO [o.n.k.i.DiagnosticsManager]  [classpath + loader.0] file:/var/lib/neo4j/lib/neo4j-io-3.2.1.jar
2017-06-22 16:10:19.505+0000 INFO [o.n.k.i.DiagnosticsManager]  [classpath + loader.0] file:/var/lib/neo4j/lib/commons-lang3-3.3.2.jar
2017-06-22 16:10:19.505+0000 INFO [o.n.k.i.DiagnosticsManager]  [loader.1] file:/usr/lib/jvm/java-1.8-openjdk/jre/lib/ext/nashorn.jar
2017-06-22 16:10:19.505+0000 INFO [o.n.k.i.DiagnosticsManager]  [classpath + loader.0] file:/var/lib/neo4j/lib/lucene-queryparser-5.5.0.jar
2017-06-22 16:10:19.505+0000 INFO [o.n.k.i.DiagnosticsManager]  [classpath + loader.0] file:/var/lib/neo4j/lib/scala-library-2.11.8.jar
2017-06-22 16:10:19.505+0000 INFO [o.n.k.i.DiagnosticsManager]  [classpath + loader.0] file:/var/lib/neo4j/lib/jetty-security-9.2.9.v20150224.jar
2017-06-22 16:10:19.505+0000 INFO [o.n.k.i.DiagnosticsManager]  [loader.1] file:/usr/lib/jvm/java-1.8-openjdk/jre/lib/ext/dnsns.jar
2017-06-22 16:10:19.505+0000 INFO [o.n.k.i.DiagnosticsManager]  [classpath + loader.0] file:/var/lib/neo4j/lib/neo4j-cypher-compiler-2.3-2.3.10.jar
2017-06-22 16:10:19.505+0000 INFO [o.n.k.i.DiagnosticsManager]  [bootstrap] /usr/lib/jvm/java-1.8-openjdk/jre/lib/jfr.jar
2017-06-22 16:10:19.505+0000 INFO [o.n.k.i.DiagnosticsManager]  [classpath + loader.0] file:/var/lib/neo4j/lib/neo4j-codegen-3.2.1.jar
2017-06-22 16:10:19.505+0000 INFO [o.n.k.i.DiagnosticsManager]  [classpath + loader.0] file:/var/lib/neo4j/lib/jline-2.12.jar
2017-06-22 16:10:19.505+0000 INFO [o.n.k.i.DiagnosticsManager]  [classpath + loader.0] file:/var/lib/neo4j/lib/jersey-server-1.19.jar
2017-06-22 16:10:19.505+0000 INFO [o.n.k.i.DiagnosticsManager]  [classpath + loader.0] file:/var/lib/neo4j/lib/neo4j-bolt-3.2.1.jar
2017-06-22 16:10:19.505+0000 INFO [o.n.k.i.DiagnosticsManager]  [classpath + loader.0] file:/var/lib/neo4j/lib/asm-5.2.jar
2017-06-22 16:10:19.505+0000 INFO [o.n.k.i.DiagnosticsManager]  [classpath + loader.0] file:/var/lib/neo4j/conf/
2017-06-22 16:10:19.508+0000 INFO [o.n.k.i.DiagnosticsManager]  [loader.1] file:/usr/lib/jvm/java-1.8-openjdk/jre/lib/ext/sunpkcs11.jar
2017-06-22 16:10:19.509+0000 INFO [o.n.k.i.DiagnosticsManager]  [classpath + loader.0] file:/var/lib/neo4j/lib/neo4j-unsafe-3.2.1.jar
2017-06-22 16:10:19.509+0000 INFO [o.n.k.i.DiagnosticsManager]  [classpath + loader.0] file:/var/lib/neo4j/lib/server-api-3.2.1.jar
2017-06-22 16:10:19.509+0000 INFO [o.n.k.i.DiagnosticsManager]  [classpath + loader.0] file:/var/lib/neo4j/lib/bcpkix-jdk15on-1.53.jar
2017-06-22 16:10:19.509+0000 INFO [o.n.k.i.DiagnosticsManager]  [classpath + loader.0] file:/var/lib/neo4j/lib/commons-compress-1.12.jar
2017-06-22 16:10:19.509+0000 INFO [o.n.k.i.DiagnosticsManager]  [classpath + loader.0] file:/var/lib/neo4j/lib/neo4j-cypher-3.2.1.jar
2017-06-22 16:10:19.509+0000 INFO [o.n.k.i.DiagnosticsManager]  [classpath + loader.0] file:/var/lib/neo4j/lib/opencsv-2.3.jar
2017-06-22 16:10:19.509+0000 INFO [o.n.k.i.DiagnosticsManager]  [classpath + loader.0] file:/var/lib/neo4j/lib/neo4j-kernel-3.2.1.jar
2017-06-22 16:10:19.509+0000 INFO [o.n.k.i.DiagnosticsManager]  [classpath + loader.0] file:/var/lib/neo4j/lib/parboiled-scala_2.11-1.1.7.jar
2017-06-22 16:10:19.509+0000 INFO [o.n.k.i.DiagnosticsManager]  [classpath + loader.0] file:/var/lib/neo4j/lib/caffeine-2.3.3.jar
2017-06-22 16:10:19.510+0000 INFO [o.n.k.i.DiagnosticsManager]  [classpath + loader.0] file:/var/lib/neo4j/lib/jersey-servlet-1.19.jar
2017-06-22 16:10:19.510+0000 INFO [o.n.k.i.DiagnosticsManager]  [classpath + loader.0] file:/var/lib/neo4j/lib/lucene-analyzers-common-5.5.0.jar
2017-06-22 16:10:19.510+0000 INFO [o.n.k.i.DiagnosticsManager]  [classpath + loader.0] file:/var/lib/neo4j/lib/neo4j-cypher-ir-3.2-3.2.1.jar
2017-06-22 16:10:19.515+0000 INFO [o.n.k.i.DiagnosticsManager]  [classpath + loader.0] file:/var/lib/neo4j/lib/neo4j-primitive-collections-3.2.1.jar
2017-06-22 16:10:19.515+0000 INFO [o.n.k.i.DiagnosticsManager]  [classpath + loader.0] file:/var/lib/neo4j/lib/lucene-core-5.5.0.jar
2017-06-22 16:10:19.515+0000 INFO [o.n.k.i.DiagnosticsManager]  [classpath + loader.0] file:/var/lib/neo4j/lib/neo4j-common-3.2.1.jar
2017-06-22 16:10:19.515+0000 INFO [o.n.k.i.DiagnosticsManager]  [bootstrap] /usr/lib/jvm/java-1.8-openjdk/jre/lib/resources.jar
2017-06-22 16:10:19.515+0000 INFO [o.n.k.i.DiagnosticsManager]  [bootstrap] /usr/lib/jvm/java-1.8-openjdk/jre/lib/charsets.jar
2017-06-22 16:10:19.515+0000 INFO [o.n.k.i.DiagnosticsManager]  [classpath + loader.0] file:/var/lib/neo4j/lib/neo4j-csv-3.2.1.jar
2017-06-22 16:10:19.515+0000 INFO [o.n.k.i.DiagnosticsManager]  [classpath + loader.0] file:/var/lib/neo4j/lib/jetty-webapp-9.2.9.v20150224.jar
2017-06-22 16:10:19.515+0000 INFO [o.n.k.i.DiagnosticsManager]  [classpath + loader.0] file:/var/lib/neo4j/lib/neo4j-security-3.2.1.jar
2017-06-22 16:10:19.515+0000 INFO [o.n.k.i.DiagnosticsManager]  [classpath + loader.0] file:/var/lib/neo4j/lib/jackson-mapper-asl-1.9.13.jar
2017-06-22 16:10:19.515+0000 INFO [o.n.k.i.DiagnosticsManager]  [classpath + loader.0] file:/var/lib/neo4j/lib/neo4j-import-tool-3.2.1.jar
2017-06-22 16:10:19.515+0000 INFO [o.n.k.i.DiagnosticsManager]  [classpath + loader.0] file:/var/lib/neo4j/lib/neo4j-cypher-compiler-3.1-3.1.4.jar
2017-06-22 16:10:19.515+0000 INFO [o.n.k.i.DiagnosticsManager]  [classpath + loader.0] file:/var/lib/neo4j/lib/jetty-xml-9.2.9.v20150224.jar
2017-06-22 16:10:19.515+0000 INFO [o.n.k.i.DiagnosticsManager]  [classpath + loader.0] file:/var/lib/neo4j/lib/jackson-jaxrs-1.9.13.jar
2017-06-22 16:10:19.515+0000 INFO [o.n.k.i.DiagnosticsManager]  [loader.1] file:/usr/lib/jvm/java-1.8-openjdk/jre/lib/ext/zipfs.jar
2017-06-22 16:10:19.515+0000 INFO [o.n.k.i.DiagnosticsManager]  [classpath + loader.0] file:/var/lib/neo4j/lib/neo4j-cypher-frontend-3.2-3.2.1.jar
2017-06-22 16:10:19.515+0000 INFO [o.n.k.i.DiagnosticsManager]  [classpath + loader.0] file:/var/lib/neo4j/lib/neo4j-cypher-frontend-2.3-2.3.10.jar
2017-06-22 16:10:19.515+0000 INFO [o.n.k.i.DiagnosticsManager]  [loader.1] file:/usr/lib/jvm/java-1.8-openjdk/jre/lib/ext/cldrdata.jar
2017-06-22 16:10:19.515+0000 INFO [o.n.k.i.DiagnosticsManager]  [classpath + loader.0] file:/var/lib/neo4j/lib/jsr311-api-1.1.2.r612.jar
2017-06-22 16:10:19.515+0000 INFO [o.n.k.i.DiagnosticsManager]  [classpath + loader.0] file:/var/lib/neo4j/lib/jersey-multipart-1.19.jar
2017-06-22 16:10:19.515+0000 INFO [o.n.k.i.DiagnosticsManager]  [classpath + loader.0] file:/var/lib/neo4j/lib/neo4j-consistency-check-3.2.1.jar
2017-06-22 16:10:19.515+0000 INFO [o.n.k.i.DiagnosticsManager]  [classpath + loader.0] file:/plugins/
2017-06-22 16:10:19.515+0000 INFO [o.n.k.i.DiagnosticsManager]  [classpath + loader.0] file:/var/lib/neo4j/lib/neo4j-udc-3.2.1.jar
2017-06-22 16:10:19.515+0000 INFO [o.n.k.i.DiagnosticsManager]  [bootstrap] /usr/lib/jvm/java-1.8-openjdk/jre/lib/jsse.jar
2017-06-22 16:10:19.515+0000 INFO [o.n.k.i.DiagnosticsManager]  [bootstrap] /usr/lib/jvm/java-1.8-openjdk/jre/lib/sunrsasign.jar
2017-06-22 16:10:19.515+0000 INFO [o.n.k.i.DiagnosticsManager]  [classpath + loader.0] file:/var/lib/neo4j/lib/neo4j-jmx-3.2.1.jar
2017-06-22 16:10:19.515+0000 INFO [o.n.k.i.DiagnosticsManager]  [classpath + loader.0] file:/var/lib/neo4j/lib/neo4j-cypher-compiler-3.2-3.2.1.jar
2017-06-22 16:10:19.515+0000 INFO [o.n.k.i.DiagnosticsManager]  [classpath + loader.0] file:/var/lib/neo4j/lib/neo4j-resource-3.2.1.jar
2017-06-22 16:10:19.516+0000 INFO [o.n.k.i.DiagnosticsManager]  [classpath + loader.0] file:/var/lib/neo4j/lib/neo4j-cypher-frontend-3.1-3.1.4.jar
2017-06-22 16:10:19.516+0000 INFO [o.n.k.i.DiagnosticsManager]  [classpath + loader.0] file:/var/lib/neo4j/lib/commons-logging-1.1.1.jar
2017-06-22 16:10:19.516+0000 INFO [o.n.k.i.DiagnosticsManager]  [classpath + loader.0] file:/var/lib/neo4j/lib/neo4j-lucene-index-3.2.1.jar
2017-06-22 16:10:19.516+0000 INFO [o.n.k.i.DiagnosticsManager]  [classpath + loader.0] file:/var/lib/neo4j/lib/parboiled-core-1.1.7.jar
2017-06-22 16:10:19.516+0000 INFO [o.n.k.i.DiagnosticsManager]  [classpath + loader.0] file:/plugins/chicago-crime-elastic.jar
2017-06-22 16:10:19.516+0000 INFO [o.n.k.i.DiagnosticsManager]  [classpath + loader.0] file:/var/lib/neo4j/lib/mimepull-1.9.3.jar
2017-06-22 16:10:19.516+0000 INFO [o.n.k.i.DiagnosticsManager] Library path:
2017-06-22 16:10:19.516+0000 INFO [o.n.k.i.DiagnosticsManager] /usr/lib/jvm/java-1.8-openjdk/jre/lib/amd64/server
2017-06-22 16:10:19.516+0000 INFO [o.n.k.i.DiagnosticsManager] /usr/lib/jvm/java-1.8-openjdk/jre/lib/amd64
2017-06-22 16:10:19.516+0000 INFO [o.n.k.i.DiagnosticsManager] /usr/lib/jvm/java-1.8-openjdk/lib/amd64
2017-06-22 16:10:19.516+0000 INFO [o.n.k.i.DiagnosticsManager] /usr/java/packages/lib/amd64
2017-06-22 16:10:19.516+0000 INFO [o.n.k.i.DiagnosticsManager] /usr/lib64
2017-06-22 16:10:19.516+0000 INFO [o.n.k.i.DiagnosticsManager] /lib64
2017-06-22 16:10:19.516+0000 INFO [o.n.k.i.DiagnosticsManager] /lib
2017-06-22 16:10:19.516+0000 INFO [o.n.k.i.DiagnosticsManager] /usr/lib
2017-06-22 16:10:19.516+0000 INFO [o.n.k.i.DiagnosticsManager] System.properties:
2017-06-22 16:10:19.517+0000 INFO [o.n.k.i.DiagnosticsManager] sun.boot.library.path = /usr/lib/jvm/java-1.8-openjdk/jre/lib/amd64
2017-06-22 16:10:19.517+0000 INFO [o.n.k.i.DiagnosticsManager] path.separator = :
2017-06-22 16:10:19.517+0000 INFO [o.n.k.i.DiagnosticsManager] file.encoding.pkg = sun.io
2017-06-22 16:10:19.517+0000 INFO [o.n.k.i.DiagnosticsManager] user.country = US
2017-06-22 16:10:19.517+0000 INFO [o.n.k.i.DiagnosticsManager] sun.java.launcher = SUN_STANDARD
2017-06-22 16:10:19.517+0000 INFO [o.n.k.i.DiagnosticsManager] sun.os.patch.level = unknown
2017-06-22 16:10:19.517+0000 INFO [o.n.k.i.DiagnosticsManager] user.dir = /var/lib/neo4j
2017-06-22 16:10:19.517+0000 INFO [o.n.k.i.DiagnosticsManager] sun.jnu.encoding = UTF-8
2017-06-22 16:10:19.517+0000 INFO [o.n.k.i.DiagnosticsManager] unsupported.dbms.udc.source = tarball
2017-06-22 16:10:19.517+0000 INFO [o.n.k.i.DiagnosticsManager] sun.management.compiler = HotSpot 64-Bit Tiered Compilers
2017-06-22 16:10:19.517+0000 INFO [o.n.k.i.DiagnosticsManager] user.home = /root
2017-06-22 16:10:19.517+0000 INFO [o.n.k.i.DiagnosticsManager] user.timezone = GMT
2017-06-22 16:10:19.528+0000 INFO [o.n.k.i.DiagnosticsManager] file.encoding = UTF-8
2017-06-22 16:10:19.528+0000 INFO [o.n.k.i.DiagnosticsManager] user.name = root
2017-06-22 16:10:19.528+0000 INFO [o.n.k.i.DiagnosticsManager] sun.java.command = org.neo4j.server.CommunityEntryPoint --home-dir=/var/lib/neo4j --config-dir=/var/lib/neo4j/conf
2017-06-22 16:10:19.528+0000 INFO [o.n.k.i.DiagnosticsManager] sun.arch.data.model = 64
2017-06-22 16:10:19.528+0000 INFO [o.n.k.i.DiagnosticsManager] user.language = en
2017-06-22 16:10:19.528+0000 INFO [o.n.k.i.DiagnosticsManager] awt.toolkit = sun.awt.X11.XToolkit
2017-06-22 16:10:19.528+0000 INFO [o.n.k.i.DiagnosticsManager] jdk.tls.ephemeralDHKeySize = 2048
2017-06-22 16:10:19.528+0000 INFO [o.n.k.i.DiagnosticsManager] file.separator = /
2017-06-22 16:10:19.528+0000 INFO [o.n.k.i.DiagnosticsManager] sun.io.unicode.encoding = UnicodeLittle
2017-06-22 16:10:19.528+0000 INFO [o.n.k.i.DiagnosticsManager] sun.cpu.endian = little
2017-06-22 16:10:19.528+0000 INFO [o.n.k.i.DiagnosticsManager] sun.cpu.isalist = 
2017-06-22 16:10:19.528+0000 INFO [o.n.k.i.DiagnosticsManager] Linux scheduler information:
2017-06-22 16:10:19.538+0000 INFO [o.n.k.i.DiagnosticsManager] none
2017-06-22 16:10:19.539+0000 INFO [o.n.k.i.DiagnosticsManager] none
2017-06-22 16:10:19.539+0000 INFO [o.n.k.i.DiagnosticsManager] none
2017-06-22 16:10:19.539+0000 INFO [o.n.k.i.DiagnosticsManager] none
2017-06-22 16:10:19.539+0000 INFO [o.n.k.i.DiagnosticsManager] none
2017-06-22 16:10:19.539+0000 INFO [o.n.k.i.DiagnosticsManager] none
2017-06-22 16:10:19.539+0000 INFO [o.n.k.i.DiagnosticsManager] none
2017-06-22 16:10:19.540+0000 INFO [o.n.k.i.DiagnosticsManager] none
2017-06-22 16:10:19.540+0000 INFO [o.n.k.i.DiagnosticsManager] none
2017-06-22 16:10:19.540+0000 INFO [o.n.k.i.DiagnosticsManager] none
2017-06-22 16:10:19.540+0000 INFO [o.n.k.i.DiagnosticsManager] none
2017-06-22 16:10:19.540+0000 INFO [o.n.k.i.DiagnosticsManager] none
2017-06-22 16:10:19.540+0000 INFO [o.n.k.i.DiagnosticsManager] none
2017-06-22 16:10:19.541+0000 INFO [o.n.k.i.DiagnosticsManager] none
2017-06-22 16:10:19.541+0000 INFO [o.n.k.i.DiagnosticsManager] none
2017-06-22 16:10:19.541+0000 INFO [o.n.k.i.DiagnosticsManager] none
2017-06-22 16:10:19.541+0000 INFO [o.n.k.i.DiagnosticsManager] none
2017-06-22 16:10:19.541+0000 INFO [o.n.k.i.DiagnosticsManager] none
2017-06-22 16:10:19.541+0000 INFO [o.n.k.i.DiagnosticsManager] none
2017-06-22 16:10:19.541+0000 INFO [o.n.k.i.DiagnosticsManager] none
2017-06-22 16:10:19.542+0000 INFO [o.n.k.i.DiagnosticsManager] none
2017-06-22 16:10:19.542+0000 INFO [o.n.k.i.DiagnosticsManager] none
2017-06-22 16:10:19.542+0000 INFO [o.n.k.i.DiagnosticsManager] none
2017-06-22 16:10:19.542+0000 INFO [o.n.k.i.DiagnosticsManager] none
2017-06-22 16:10:19.542+0000 INFO [o.n.k.i.DiagnosticsManager] none
2017-06-22 16:10:19.542+0000 INFO [o.n.k.i.DiagnosticsManager] Network information:
2017-06-22 16:10:19.544+0000 INFO [o.n.k.i.DiagnosticsManager] Interface eth0:
2017-06-22 16:10:19.545+0000 INFO [o.n.k.i.DiagnosticsManager]     address: fe80:0:0:0:42:acff:fe12:3%eth0
2017-06-22 16:10:19.545+0000 INFO [o.n.k.i.DiagnosticsManager]     address: 172.18.0.3
2017-06-22 16:10:19.545+0000 INFO [o.n.k.i.DiagnosticsManager] Interface lo:
2017-06-22 16:10:19.545+0000 INFO [o.n.k.i.DiagnosticsManager]     address: 0:0:0:0:0:0:0:1%lo
2017-06-22 16:10:19.545+0000 INFO [o.n.k.i.DiagnosticsManager]     address: 127.0.0.1
2017-06-22 16:10:19.545+0000 INFO [o.n.k.i.DiagnosticsManager] --- INITIALIZED diagnostics END ---
2017-06-22 16:10:20.268+0000 INFO [o.n.b.v.r.WorkerFactory] Bolt Server extension loaded.
2017-06-22 16:10:20.270+0000 INFO [o.n.b.v.r.WorkerFactory] Bolt enabled on 0.0.0.0:7687.
2017-06-22 16:10:21.248+0000 INFO [o.n.k.i.s.f.RecordFormatSelector] Selected format 'RecordFormat:StandardV3_2[v0.A.8]' for the new store
2017-06-22 16:10:22.172+0000 INFO [o.n.k.i.a.i.IndexingService] IndexingService.init: indexes not specifically mentioned above are null
2017-06-22 16:10:22.177+0000 INFO [o.n.k.i.i.l.NativeLabelScanStore] No scan store found, this might just be first use. Preparing to rebuild.
2017-06-22 16:10:22.221+0000 INFO [o.n.k.NeoStoreDataSource] Opened logical log [/var/lib/neo4j/data/databases/graph.db/neostore.transaction.db.0] version=0, lastTxId=1 (clean)
2017-06-22 16:10:22.236+0000 INFO [o.n.k.NeoStoreDataSource] No commits found after last check point (which is at <no log position given>)
2017-06-22 16:10:22.249+0000 WARN [o.n.k.i.s.MetaDataStore] Missing counts store, rebuilding it.
2017-06-22 16:10:22.407+0000 WARN [o.n.k.i.s.MetaDataStore] Counts store rebuild completed.
2017-06-22 16:10:22.441+0000 INFO [o.n.k.i.a.i.IndexingService] IndexingService.start: indexes not specifically mentioned above are null
2017-06-22 16:10:22.444+0000 INFO [o.n.k.i.i.l.NativeLabelScanStore] Rebuilding scan store, this may take a while
2017-06-22 16:10:22.459+0000 INFO [o.n.k.i.i.l.NativeLabelScanStore] Scan store rebuilt (roughly 0 nodes)
2017-06-22 16:10:22.470+0000 INFO [o.n.k.i.DatabaseHealth] Database health set to OK
2017-06-22 16:10:23.532+0000 WARN [io.netty.util.internal.MacAddressUtil] Failed to find a usable hardware address from the network interfaces; using random bytes: 5d:3a:f8:a2:99:c9:43:85
2017-06-22 16:10:27.196+0000 WARN [o.n.k.i.p.Procedures] Failed to load `org.apache.commons.logging.impl.AvalonLogger` from plugin jar `/plugins/neo4j-elastic-river-1.0.jar`: org/apache/avalon/framework/logger/Logger
2017-06-22 16:10:27.201+0000 WARN [o.n.k.i.p.Procedures] Failed to load `org.apache.commons.logging.impl.Log4JLogger` from plugin jar `/plugins/neo4j-elastic-river-1.0.jar`: org/apache/log4j/Category
2017-06-22 16:10:27.207+0000 WARN [o.n.k.i.p.Procedures] Failed to load `org.apache.commons.logging.impl.LogKitLogger` from plugin jar `/plugins/neo4j-elastic-river-1.0.jar`: org/apache/log/Logger
2017-06-22 16:10:27.449+0000 INFO [o.n.k.AvailabilityGuard] Fulfilling of requirement makes database available: Database available
2017-06-22 16:10:27.452+0000 INFO [o.n.k.i.f.GraphDatabaseFacadeFactory] Database is now ready
2017-06-22 16:10:27.460+0000 INFO [o.n.k.i.DiagnosticsManager] --- STARTED diagnostics for KernelDiagnostics:Versions START ---
2017-06-22 16:10:27.463+0000 INFO [o.n.k.i.DiagnosticsManager] Graph Database: community single StoreId{creationTime=1498147821829, randomId=420682056895615409, storeVersion=15813456178476550, upgradeTime=1498147821829, upgradeId=1}
2017-06-22 16:10:27.466+0000 INFO [o.n.k.i.DiagnosticsManager] Kernel version: 3.2.1,6bfaef081803fd1f82534da6a49efdec251eabe5
2017-06-22 16:10:27.468+0000 INFO [o.n.k.i.DiagnosticsManager] --- STARTED diagnostics for KernelDiagnostics:Versions END ---
2017-06-22 16:10:27.490+0000 INFO [o.n.k.i.DiagnosticsManager] --- STARTED diagnostics for NEO_STORE_VERSIONS START ---
2017-06-22 16:10:27.492+0000 INFO [o.n.k.i.DiagnosticsManager] Store versions:
2017-06-22 16:10:27.494+0000 INFO [o.n.k.i.DiagnosticsManager] Store versions:
2017-06-22 16:10:27.496+0000 INFO [o.n.k.i.DiagnosticsManager]   ArrayPropertyStore v0.A.8
2017-06-22 16:10:27.498+0000 INFO [o.n.k.i.DiagnosticsManager]   NodeStore v0.A.8
2017-06-22 16:10:27.500+0000 INFO [o.n.k.i.DiagnosticsManager]   StringPropertyStore v0.A.8
2017-06-22 16:10:27.502+0000 INFO [o.n.k.i.DiagnosticsManager]   PropertyIndexStore v0.A.8
2017-06-22 16:10:27.504+0000 INFO [o.n.k.i.DiagnosticsManager]   StringPropertyStore v0.A.8
2017-06-22 16:10:27.506+0000 INFO [o.n.k.i.DiagnosticsManager]   ArrayPropertyStore v0.A.8
2017-06-22 16:10:27.507+0000 INFO [o.n.k.i.DiagnosticsManager]   PropertyStore v0.A.8
2017-06-22 16:10:27.510+0000 INFO [o.n.k.i.DiagnosticsManager]   RelationshipStore v0.A.8
2017-06-22 16:10:27.512+0000 INFO [o.n.k.i.DiagnosticsManager]   StringPropertyStore v0.A.8
2017-06-22 16:10:27.514+0000 INFO [o.n.k.i.DiagnosticsManager]   RelationshipTypeStore v0.A.8
2017-06-22 16:10:27.516+0000 INFO [o.n.k.i.DiagnosticsManager]   StringPropertyStore v0.A.8
2017-06-22 16:10:27.517+0000 INFO [o.n.k.i.DiagnosticsManager]   LabelTokenStore v0.A.8
2017-06-22 16:10:27.519+0000 INFO [o.n.k.i.DiagnosticsManager]   SchemaStore v0.A.8
2017-06-22 16:10:27.521+0000 INFO [o.n.k.i.DiagnosticsManager]   RelationshipGroupStore v0.A.8
2017-06-22 16:10:27.523+0000 INFO [o.n.k.i.DiagnosticsManager]   NeoStore v0.A.8
2017-06-22 16:10:27.525+0000 INFO [o.n.k.i.DiagnosticsManager] --- STARTED diagnostics for NEO_STORE_VERSIONS END ---
2017-06-22 16:10:27.527+0000 INFO [o.n.k.i.DiagnosticsManager] --- STARTED diagnostics for NEO_STORE_ID_USAGE START ---
2017-06-22 16:10:27.529+0000 INFO [o.n.k.i.DiagnosticsManager] Id usage:
2017-06-22 16:10:27.531+0000 INFO [o.n.k.i.DiagnosticsManager] Id usage:
2017-06-22 16:10:27.533+0000 INFO [o.n.k.i.DiagnosticsManager]   ArrayPropertyStore: used=1 high=0
2017-06-22 16:10:27.535+0000 INFO [o.n.k.i.DiagnosticsManager]   NodeStore: used=0 high=-1
2017-06-22 16:10:27.537+0000 INFO [o.n.k.i.DiagnosticsManager]   StringPropertyStore: used=1 high=0
2017-06-22 16:10:27.539+0000 INFO [o.n.k.i.DiagnosticsManager]   PropertyIndexStore: used=0 high=-1
2017-06-22 16:10:27.540+0000 INFO [o.n.k.i.DiagnosticsManager]   StringPropertyStore: used=1 high=0
2017-06-22 16:10:27.542+0000 INFO [o.n.k.i.DiagnosticsManager]   ArrayPropertyStore: used=1 high=0
2017-06-22 16:10:27.545+0000 INFO [o.n.k.i.DiagnosticsManager]   PropertyStore: used=0 high=-1
2017-06-22 16:10:27.547+0000 INFO [o.n.k.i.DiagnosticsManager]   RelationshipStore: used=0 high=-1
2017-06-22 16:10:27.557+0000 INFO [o.n.k.i.DiagnosticsManager]   StringPropertyStore: used=1 high=0
2017-06-22 16:10:27.559+0000 INFO [o.n.k.i.DiagnosticsManager]   RelationshipTypeStore: used=0 high=-1
2017-06-22 16:10:27.561+0000 INFO [o.n.k.i.DiagnosticsManager]   StringPropertyStore: used=1 high=0
2017-06-22 16:10:27.563+0000 INFO [o.n.k.i.DiagnosticsManager]   LabelTokenStore: used=0 high=-1
2017-06-22 16:10:27.566+0000 INFO [o.n.k.i.DiagnosticsManager]   SchemaStore: used=1 high=0
2017-06-22 16:10:27.568+0000 INFO [o.n.k.i.DiagnosticsManager]   RelationshipGroupStore: used=1 high=0
2017-06-22 16:10:27.570+0000 INFO [o.n.k.i.DiagnosticsManager]   NeoStore: used=15 high=14
2017-06-22 16:10:27.572+0000 INFO [o.n.k.i.DiagnosticsManager] --- STARTED diagnostics for NEO_STORE_ID_USAGE END ---
2017-06-22 16:10:27.574+0000 INFO [o.n.k.i.DiagnosticsManager] --- STARTED diagnostics for NEO_STORE_RECORDS START ---
2017-06-22 16:10:27.576+0000 INFO [o.n.k.i.DiagnosticsManager] Neostore records:
2017-06-22 16:10:27.579+0000 INFO [o.n.k.i.DiagnosticsManager] TIME (Creation time): 1498147821829
2017-06-22 16:10:27.581+0000 INFO [o.n.k.i.DiagnosticsManager] RANDOM_NUMBER (Random number for store id): 420682056895615409
2017-06-22 16:10:27.583+0000 INFO [o.n.k.i.DiagnosticsManager] LOG_VERSION (Current log version): 0
2017-06-22 16:10:27.585+0000 INFO [o.n.k.i.DiagnosticsManager] LAST_TRANSACTION_ID (Last committed transaction): 1
2017-06-22 16:10:27.587+0000 INFO [o.n.k.i.DiagnosticsManager] STORE_VERSION (Store format version): 15813456178476550
2017-06-22 16:10:27.589+0000 INFO [o.n.k.i.DiagnosticsManager] FIRST_GRAPH_PROPERTY (First property record containing graph properties): -1
2017-06-22 16:10:27.591+0000 INFO [o.n.k.i.DiagnosticsManager] LAST_CONSTRAINT_TRANSACTION (Last committed transaction containing constraint changes): 0
2017-06-22 16:10:27.593+0000 INFO [o.n.k.i.DiagnosticsManager] UPGRADE_TRANSACTION_ID (Transaction id most recent upgrade was performed at): 1
2017-06-22 16:10:27.594+0000 INFO [o.n.k.i.DiagnosticsManager] UPGRADE_TIME (Time of last upgrade): 1498147821829
2017-06-22 16:10:27.596+0000 INFO [o.n.k.i.DiagnosticsManager] LAST_TRANSACTION_CHECKSUM (Checksum of last committed transaction): 0
2017-06-22 16:10:27.599+0000 INFO [o.n.k.i.DiagnosticsManager] UPGRADE_TRANSACTION_CHECKSUM (Checksum of transaction id the most recent upgrade was performed at): 0
2017-06-22 16:10:27.601+0000 INFO [o.n.k.i.DiagnosticsManager] LAST_CLOSED_TRANSACTION_LOG_VERSION (Log version where the last transaction commit entry has been written into): 0
2017-06-22 16:10:27.602+0000 INFO [o.n.k.i.DiagnosticsManager] LAST_CLOSED_TRANSACTION_LOG_BYTE_OFFSET (Byte offset in the log file where the last transaction commit entry has been written into): 16
2017-06-22 16:10:27.604+0000 INFO [o.n.k.i.DiagnosticsManager] LAST_TRANSACTION_COMMIT_TIMESTAMP (Commit time timestamp for last committed transaction): 0
2017-06-22 16:10:27.606+0000 INFO [o.n.k.i.DiagnosticsManager] UPGRADE_TRANSACTION_COMMIT_TIMESTAMP (Commit timestamp of transaction the most recent upgrade was performed at): 0
2017-06-22 16:10:27.608+0000 INFO [o.n.k.i.DiagnosticsManager] --- STARTED diagnostics for NEO_STORE_RECORDS END ---
2017-06-22 16:10:27.612+0000 INFO [o.n.k.i.DiagnosticsManager] --- STARTED diagnostics for TRANSACTION_RANGE START ---
2017-06-22 16:10:27.614+0000 INFO [o.n.k.i.DiagnosticsManager] Transaction log:
2017-06-22 16:10:27.624+0000 INFO [o.n.k.i.DiagnosticsManager] No transactions found in any log
2017-06-22 16:10:27.625+0000 INFO [o.n.k.i.DiagnosticsManager] --- STARTED diagnostics for TRANSACTION_RANGE END ---
2017-06-22 16:10:27.627+0000 INFO [o.n.k.i.DiagnosticsManager] --- STARTED diagnostics for KernelDiagnostics:StoreFiles START ---
2017-06-22 16:10:27.631+0000 INFO [o.n.k.i.DiagnosticsManager] Disk space on partition (Total / Free / Free %): 249821663232 / 107273187328 / 42
Storage files: (filename : modification date - size)
2017-06-22 16:10:27.639+0000 INFO [o.n.k.i.DiagnosticsManager]   index:
2017-06-22 16:10:27.643+0000 INFO [o.n.k.i.DiagnosticsManager]   - Total: 2017-06-22T16:10:22+0000 - 0.00 B
2017-06-22 16:10:27.647+0000 INFO [o.n.k.i.DiagnosticsManager]   neostore: 2017-06-22T16:10:21+0000 - 8.00 kB
2017-06-22 16:10:27.653+0000 INFO [o.n.k.i.DiagnosticsManager]   neostore.counts.db.a: 2017-06-22T16:10:22+0000 - 96.00 B
2017-06-22 16:10:27.656+0000 INFO [o.n.k.i.DiagnosticsManager]   neostore.id: 2017-06-22T16:10:21+0000 - 9.00 B
2017-06-22 16:10:27.661+0000 INFO [o.n.k.i.DiagnosticsManager]   neostore.labelscanstore.db: 2017-06-22T16:10:23+0000 - 40.00 kB
2017-06-22 16:10:27.665+0000 INFO [o.n.k.i.DiagnosticsManager]   neostore.labeltokenstore.db: 2017-06-22T16:10:21+0000 - 0.00 B
2017-06-22 16:10:27.669+0000 INFO [o.n.k.i.DiagnosticsManager]   neostore.labeltokenstore.db.id: 2017-06-22T16:10:21+0000 - 9.00 B
2017-06-22 16:10:27.672+0000 INFO [o.n.k.i.DiagnosticsManager]   neostore.labeltokenstore.db.names: 2017-06-22T16:10:21+0000 - 8.00 kB
2017-06-22 16:10:27.676+0000 INFO [o.n.k.i.DiagnosticsManager]   neostore.labeltokenstore.db.names.id: 2017-06-22T16:10:21+0000 - 9.00 B
2017-06-22 16:10:27.678+0000 INFO [o.n.k.i.DiagnosticsManager]   neostore.nodestore.db: 2017-06-22T16:10:21+0000 - 0.00 B
2017-06-22 16:10:27.681+0000 INFO [o.n.k.i.DiagnosticsManager]   neostore.nodestore.db.id: 2017-06-22T16:10:21+0000 - 9.00 B
2017-06-22 16:10:27.683+0000 INFO [o.n.k.i.DiagnosticsManager]   neostore.nodestore.db.labels: 2017-06-22T16:10:21+0000 - 8.00 kB
2017-06-22 16:10:27.686+0000 INFO [o.n.k.i.DiagnosticsManager]   neostore.nodestore.db.labels.id: 2017-06-22T16:10:21+0000 - 9.00 B
2017-06-22 16:10:27.688+0000 INFO [o.n.k.i.DiagnosticsManager]   neostore.propertystore.db: 2017-06-22T16:10:21+0000 - 0.00 B
2017-06-22 16:10:27.692+0000 INFO [o.n.k.i.DiagnosticsManager]   neostore.propertystore.db.arrays: 2017-06-22T16:10:21+0000 - 8.00 kB
2017-06-22 16:10:27.695+0000 INFO [o.n.k.i.DiagnosticsManager]   neostore.propertystore.db.arrays.id: 2017-06-22T16:10:21+0000 - 9.00 B
2017-06-22 16:10:27.697+0000 INFO [o.n.k.i.DiagnosticsManager]   neostore.propertystore.db.id: 2017-06-22T16:10:21+0000 - 9.00 B
2017-06-22 16:10:27.700+0000 INFO [o.n.k.i.DiagnosticsManager]   neostore.propertystore.db.index: 2017-06-22T16:10:21+0000 - 0.00 B
2017-06-22 16:10:27.702+0000 INFO [o.n.k.i.DiagnosticsManager]   neostore.propertystore.db.index.id: 2017-06-22T16:10:21+0000 - 9.00 B
2017-06-22 16:10:27.705+0000 INFO [o.n.k.i.DiagnosticsManager]   neostore.propertystore.db.index.keys: 2017-06-22T16:10:21+0000 - 8.00 kB
2017-06-22 16:10:27.707+0000 INFO [o.n.k.i.DiagnosticsManager]   neostore.propertystore.db.index.keys.id: 2017-06-22T16:10:21+0000 - 9.00 B
2017-06-22 16:10:27.711+0000 INFO [o.n.k.i.DiagnosticsManager]   neostore.propertystore.db.strings: 2017-06-22T16:10:21+0000 - 8.00 kB
2017-06-22 16:10:27.713+0000 INFO [o.n.k.i.DiagnosticsManager]   neostore.propertystore.db.strings.id: 2017-06-22T16:10:21+0000 - 9.00 B
2017-06-22 16:10:27.715+0000 INFO [o.n.k.i.DiagnosticsManager]   neostore.relationshipgroupstore.db: 2017-06-22T16:10:21+0000 - 8.00 kB
2017-06-22 16:10:27.718+0000 INFO [o.n.k.i.DiagnosticsManager]   neostore.relationshipgroupstore.db.id: 2017-06-22T16:10:21+0000 - 9.00 B
2017-06-22 16:10:27.721+0000 INFO [o.n.k.i.DiagnosticsManager]   neostore.relationshipstore.db: 2017-06-22T16:10:21+0000 - 0.00 B
2017-06-22 16:10:27.724+0000 INFO [o.n.k.i.DiagnosticsManager]   neostore.relationshipstore.db.id: 2017-06-22T16:10:21+0000 - 9.00 B
2017-06-22 16:10:27.727+0000 INFO [o.n.k.i.DiagnosticsManager]   neostore.relationshiptypestore.db: 2017-06-22T16:10:21+0000 - 0.00 B
2017-06-22 16:10:27.730+0000 INFO [o.n.k.i.DiagnosticsManager]   neostore.relationshiptypestore.db.id: 2017-06-22T16:10:21+0000 - 9.00 B
2017-06-22 16:10:27.733+0000 INFO [o.n.k.i.DiagnosticsManager]   neostore.relationshiptypestore.db.names: 2017-06-22T16:10:21+0000 - 8.00 kB
2017-06-22 16:10:27.736+0000 INFO [o.n.k.i.DiagnosticsManager]   neostore.relationshiptypestore.db.names.id: 2017-06-22T16:10:21+0000 - 9.00 B
2017-06-22 16:10:27.739+0000 INFO [o.n.k.i.DiagnosticsManager]   neostore.schemastore.db: 2017-06-22T16:10:21+0000 - 8.00 kB
2017-06-22 16:10:27.742+0000 INFO [o.n.k.i.DiagnosticsManager]   neostore.schemastore.db.id: 2017-06-22T16:10:21+0000 - 9.00 B
2017-06-22 16:10:27.745+0000 INFO [o.n.k.i.DiagnosticsManager]   neostore.transaction.db.0: 2017-06-22T16:10:22+0000 - 16.00 B
2017-06-22 16:10:27.748+0000 INFO [o.n.k.i.DiagnosticsManager]   store_lock: 2017-06-22T16:10:21+0000 - 0.00 B
2017-06-22 16:10:27.750+0000 INFO [o.n.k.i.DiagnosticsManager] --- STARTED diagnostics for KernelDiagnostics:StoreFiles END ---
2017-06-22 16:10:31.193+0000 INFO [o.n.k.i.DiagnosticsManager] --- SERVER STARTED START ---
2017-06-22 16:10:32.971+0000 INFO [o.n.k.i.DiagnosticsManager] --- SERVER STARTED END ---
2017-06-22 16:18:49.114+0000 INFO [o.n.k.i.a.i.IndexPopulationJob] Index population started: [:SubCategory(code) [provider: {key=lucene, version=1.0}]]
2017-06-22 16:18:49.533+0000 INFO [o.n.k.i.a.i.IndexPopulationJob] Index population started: [:Beat(id) [provider: {key=lucene, version=1.0}]]
2017-06-22 16:18:49.557+0000 INFO [o.n.k.i.a.i.IndexPopulationJob] Index population started: [:Crime(id) [provider: {key=lucene, version=1.0}]]
2017-06-22 16:18:49.576+0000 INFO [o.n.k.i.a.i.IndexPopulationJob] Index population started: [:CrimeType(crimeType) [provider: {key=lucene, version=1.0}]]
2017-06-22 16:18:49.689+0000 INFO [o.n.k.i.a.i.IndexPopulationJob] Index population started: [:Location(name) [provider: {key=lucene, version=1.0}]]
2017-06-22 16:18:49.709+0000 INFO [o.n.k.i.a.i.IndexPopulationJob] Index population started: [:CrimeType(name) [provider: {key=lucene, version=1.0}]]
2017-06-22 16:18:49.730+0000 INFO [o.n.k.i.a.i.IndexPopulationJob] Index population started: [:Location(id) [provider: {key=lucene, version=1.0}]]
2017-06-22 16:18:49.792+0000 INFO [o.n.k.i.a.i.IndexPopulationJob] Completed node store scan. Flushing all pending updates.
BatchingMultipleIndexPopulator{activeTasks=0, executor=java.util.concurrent.ThreadPoolExecutor@2e10b947[Running, pool size = 0, active threads = 0, queued tasks = 0, completed tasks = 0], batchedUpdates = [5 updates, 9 updates, 9 updates, 6 updates], queuedUpdates = 29}
2017-06-22 16:18:49.801+0000 INFO [o.n.k.i.a.i.IndexPopulationJob] Shutting down executor.
BatchingMultipleIndexPopulator{activeTasks=4, executor=java.util.concurrent.ThreadPoolExecutor@2e10b947[Running, pool size = 3, active threads = 3, queued tasks = 1, completed tasks = 0], batchedUpdates = [], queuedUpdates = 29}
2017-06-22 16:18:49.959+0000 INFO [o.n.k.i.a.i.IndexPopulationJob] Index population completed. Index is now online: [:SubCategory(code) [provider: {key=lucene, version=1.0}]]
2017-06-22 16:18:50.135+0000 INFO [o.n.k.i.a.i.IndexPopulationJob] Index population completed. Index is now online: [:Beat(id) [provider: {key=lucene, version=1.0}]]
2017-06-22 16:18:50.198+0000 INFO [o.n.k.i.a.i.IndexPopulationJob] Index population completed. Index is now online: [:Crime(id) [provider: {key=lucene, version=1.0}]]
2017-06-22 16:18:50.285+0000 INFO [o.n.k.i.a.i.IndexPopulationJob] Index population completed. Index is now online: [:CrimeType(crimeType) [provider: {key=lucene, version=1.0}]]
2017-06-22 16:18:50.310+0000 INFO [o.n.k.i.a.i.IndexPopulationJob] Index population completed. Index is now online: [:Location(name) [provider: {key=lucene, version=1.0}]]
2017-06-22 16:18:50.337+0000 INFO [o.n.k.i.a.i.IndexPopulationJob] Index population completed. Index is now online: [:CrimeType(name) [provider: {key=lucene, version=1.0}]]
2017-06-22 16:18:50.404+0000 INFO [o.n.k.i.a.i.IndexPopulationJob] Index population completed. Index is now online: [:Location(id) [provider: {key=lucene, version=1.0}]]
2017-06-22 16:21:30.557+0000 INFO [o.n.k.i.f.GraphDatabaseFacadeFactory] Shutdown started
2017-06-22 16:21:30.560+0000 INFO [o.n.k.i.f.GraphDatabaseFacadeFactory] Database is now unavailable
2017-06-22 16:21:30.588+0000 INFO [o.n.k.i.t.l.c.CheckPointerImpl] Check Pointing triggered by database shutdown [35]:  Starting check pointing...
2017-06-22 16:21:30.591+0000 INFO [o.n.k.i.t.l.c.CheckPointerImpl] Check Pointing triggered by database shutdown [35]:  Starting store flush...
2017-06-22 16:21:30.810+0000 INFO [o.n.k.i.s.c.CountsTracker] About to rotate counts store at transaction 35 to [/var/lib/neo4j/data/databases/graph.db/neostore.counts.db.b], from [/var/lib/neo4j/data/databases/graph.db/neostore.counts.db.a].
2017-06-22 16:21:30.852+0000 INFO [o.n.k.i.s.c.CountsTracker] Successfully rotated counts store at transaction 35 to [/var/lib/neo4j/data/databases/graph.db/neostore.counts.db.b], from [/var/lib/neo4j/data/databases/graph.db/neostore.counts.db.a].
2017-06-22 16:21:30.866+0000 INFO [o.n.k.i.t.l.c.CheckPointerImpl] Check Pointing triggered by database shutdown [35]:  Store flush completed
2017-06-22 16:21:30.869+0000 INFO [o.n.k.i.t.l.c.CheckPointerImpl] Check Pointing triggered by database shutdown [35]:  Starting appending check point entry into the tx log...
2017-06-22 16:21:30.874+0000 INFO [o.n.k.i.t.l.c.CheckPointerImpl] Check Pointing triggered by database shutdown [35]:  Appending check point entry into the tx log completed
2017-06-22 16:21:30.876+0000 INFO [o.n.k.i.t.l.c.CheckPointerImpl] Check Pointing triggered by database shutdown [35]:  Check pointing completed
2017-06-22 16:21:30.878+0000 INFO [o.n.k.i.t.l.p.LogPruningImpl] Log Rotation [0]:  Starting log pruning.
2017-06-22 16:21:30.880+0000 INFO [o.n.k.i.t.l.p.LogPruningImpl] Log Rotation [0]:  Log pruning complete.
2017-06-22 16:21:31.099+0000 INFO [o.n.k.i.DiagnosticsManager] --- STOPPING diagnostics START ---
2017-06-22 16:21:31.099+0000 INFO [o.n.k.i.DiagnosticsManager] --- STOPPING diagnostics END ---
2017-06-22 16:24:13.386+0000 WARN [o.n.i.p.PageCache] The dbms.memory.pagecache.size setting has not been configured. It is recommended that this setting is always explicitly configured, to ensure the system has a balanced configuration. Until then, a computed heuristic value of 3911917568 bytes will be used instead. 
2017-06-22 16:24:13.592+0000 INFO [o.n.k.i.f.CommunityEditionModule] No locking implementation specified, defaulting to 'community'
2017-06-22 16:24:14.072+0000 INFO [o.n.k.AvailabilityGuard] Requirement makes database unavailable: Database available
2017-06-22 16:24:14.120+0000 INFO [o.n.k.i.DiagnosticsManager] --- INITIALIZED diagnostics START ---
2017-06-22 16:24:14.121+0000 INFO [o.n.k.i.DiagnosticsManager] Neo4j Kernel properties:
2017-06-22 16:24:14.121+0000 INFO [o.n.k.i.DiagnosticsManager] dbms.security.auth_enabled=false
2017-06-22 16:24:14.121+0000 INFO [o.n.k.i.DiagnosticsManager] dbms.directories.import=import
2017-06-22 16:24:14.121+0000 INFO [o.n.k.i.DiagnosticsManager] causal_clustering.raft_advertised_address=3e0734111ba5:7000
2017-06-22 16:24:14.121+0000 INFO [o.n.k.i.DiagnosticsManager] dbms.memory.heap.initial_size=512M
2017-06-22 16:24:14.121+0000 INFO [o.n.k.i.DiagnosticsManager] ha.host.coordination=3e0734111ba5:5001
2017-06-22 16:24:14.122+0000 INFO [o.n.k.i.DiagnosticsManager] dbms.jvm.additional=-Dunsupported.dbms.udc.source=tarball
2017-06-22 16:24:14.122+0000 INFO [o.n.k.i.DiagnosticsManager] dbms.tx_log.rotation.retention_policy=100M size
2017-06-22 16:24:14.122+0000 INFO [o.n.k.i.DiagnosticsManager] elasticsearch.index_spec=crime:Crime(caseNumber,caseDate,updatedOn,fbiCode,arrest,latitude,longitude,xCordinate,yCordinate,description,iucr,district,communityArea,beat,ward,locDescription,domestic,primaryType,location)
2017-06-22 16:24:14.122+0000 INFO [o.n.k.i.DiagnosticsManager] dbms.windows_service_name=neo4j
2017-06-22 16:24:14.122+0000 INFO [o.n.k.i.DiagnosticsManager] dbms.connector.bolt.listen_address=0.0.0.0:7687
2017-06-22 16:24:14.122+0000 INFO [o.n.k.i.DiagnosticsManager] elasticsearch.host_name=http://elasticsearch:9200
2017-06-22 16:24:14.122+0000 INFO [o.n.k.i.DiagnosticsManager] dbms.connector.bolt.enabled=true
2017-06-22 16:24:14.122+0000 INFO [o.n.k.i.DiagnosticsManager] dbms.unmanaged_extension_classes=org.sharkyaya.app=/unmanaged
2017-06-22 16:24:14.122+0000 INFO [o.n.k.i.DiagnosticsManager] dbms.connector.http.enabled=true
2017-06-22 16:24:14.122+0000 INFO [o.n.k.i.DiagnosticsManager] causal_clustering.discovery_listen_address=0.0.0.0:5000
2017-06-22 16:24:14.123+0000 INFO [o.n.k.i.DiagnosticsManager] dbms.connector.bolt.type=BOLT
2017-06-22 16:24:14.123+0000 INFO [o.n.k.i.DiagnosticsManager] dbms.connector.http.listen_address=0.0.0.0:7474
2017-06-22 16:24:14.123+0000 INFO [o.n.k.i.DiagnosticsManager] unsupported.dbms.directories.neo4j_home=/var/lib/neo4j
2017-06-22 16:24:14.123+0000 INFO [o.n.k.i.DiagnosticsManager] causal_clustering.raft_listen_address=0.0.0.0:7000
2017-06-22 16:24:14.123+0000 INFO [o.n.k.i.DiagnosticsManager] HEAP.MEMORY=2048
2017-06-22 16:24:14.123+0000 INFO [o.n.k.i.DiagnosticsManager] dbms.connector.https.enabled=true
2017-06-22 16:24:14.123+0000 INFO [o.n.k.i.DiagnosticsManager] dbms.connector.http.type=HTTP
2017-06-22 16:24:14.123+0000 INFO [o.n.k.i.DiagnosticsManager] dbms.memory.heap.max_size=512M
2017-06-22 16:24:14.123+0000 INFO [o.n.k.i.DiagnosticsManager] dbms.connectors.default_listen_address=0.0.0.0
2017-06-22 16:24:14.123+0000 INFO [o.n.k.i.DiagnosticsManager] CACHE.MEMORY=1G
2017-06-22 16:24:14.123+0000 INFO [o.n.k.i.DiagnosticsManager] dbms.connector.https.listen_address=0.0.0.0:7473
2017-06-22 16:24:14.123+0000 INFO [o.n.k.i.DiagnosticsManager] causal_clustering.transaction_advertised_address=3e0734111ba5:6000
2017-06-22 16:24:14.123+0000 INFO [o.n.k.i.DiagnosticsManager] causal_clustering.discovery_advertised_address=3e0734111ba5:5000
2017-06-22 16:24:14.123+0000 INFO [o.n.k.i.DiagnosticsManager] dbms.connector.https.type=HTTP
2017-06-22 16:24:14.124+0000 INFO [o.n.k.i.DiagnosticsManager] ha.host.data=3e0734111ba5:6001
2017-06-22 16:24:14.124+0000 INFO [o.n.k.i.DiagnosticsManager] unsupported.dbms.edition=community
2017-06-22 16:24:14.124+0000 INFO [o.n.k.i.DiagnosticsManager] dbms.directories.logs=/logs
2017-06-22 16:24:14.124+0000 INFO [o.n.k.i.DiagnosticsManager] causal_clustering.transaction_listen_address=0.0.0.0:6000
2017-06-22 16:24:14.124+0000 INFO [o.n.k.i.DiagnosticsManager] wrapper.java.additional=-Dneo4j.ext.udc.source=docker
2017-06-22 16:24:14.124+0000 INFO [o.n.k.i.DiagnosticsManager] dbms.directories.plugins=/plugins
2017-06-22 16:24:14.124+0000 INFO [o.n.k.i.DiagnosticsManager] Diagnostics providers:
2017-06-22 16:24:14.124+0000 INFO [o.n.k.i.DiagnosticsManager] org.neo4j.kernel.configuration.Config
2017-06-22 16:24:14.124+0000 INFO [o.n.k.i.DiagnosticsManager] org.neo4j.kernel.info.DiagnosticsManager
2017-06-22 16:24:14.124+0000 INFO [o.n.k.i.DiagnosticsManager] SYSTEM_MEMORY
2017-06-22 16:24:14.124+0000 INFO [o.n.k.i.DiagnosticsManager] JAVA_MEMORY
2017-06-22 16:24:14.124+0000 INFO [o.n.k.i.DiagnosticsManager] OPERATING_SYSTEM
2017-06-22 16:24:14.124+0000 INFO [o.n.k.i.DiagnosticsManager] JAVA_VIRTUAL_MACHINE
2017-06-22 16:24:14.124+0000 INFO [o.n.k.i.DiagnosticsManager] CLASSPATH
2017-06-22 16:24:14.124+0000 INFO [o.n.k.i.DiagnosticsManager] LIBRARY_PATH
2017-06-22 16:24:14.124+0000 INFO [o.n.k.i.DiagnosticsManager] SYSTEM_PROPERTIES
2017-06-22 16:24:14.124+0000 INFO [o.n.k.i.DiagnosticsManager] LINUX_SCHEDULERS
2017-06-22 16:24:14.125+0000 INFO [o.n.k.i.DiagnosticsManager] NETWORK
2017-06-22 16:24:14.125+0000 INFO [o.n.k.i.DiagnosticsManager] System memory information:
2017-06-22 16:24:14.131+0000 INFO [o.n.k.i.DiagnosticsManager] Total Physical memory: 7.79 GB
2017-06-22 16:24:14.131+0000 INFO [o.n.k.i.DiagnosticsManager] Free Physical memory: 5.25 GB
2017-06-22 16:24:14.131+0000 INFO [o.n.k.i.DiagnosticsManager] Committed virtual memory: 1.96 GB
2017-06-22 16:24:14.131+0000 INFO [o.n.k.i.DiagnosticsManager] Total swap space: 1024.00 MB
2017-06-22 16:24:14.131+0000 INFO [o.n.k.i.DiagnosticsManager] Free swap space: 1024.00 MB
2017-06-22 16:24:14.131+0000 INFO [o.n.k.i.DiagnosticsManager] JVM memory information:
2017-06-22 16:24:14.132+0000 INFO [o.n.k.i.DiagnosticsManager] Free  memory: 465.76 MB
2017-06-22 16:24:14.132+0000 INFO [o.n.k.i.DiagnosticsManager] Total memory: 512.00 MB
2017-06-22 16:24:14.132+0000 INFO [o.n.k.i.DiagnosticsManager] Max   memory: 512.00 MB
2017-06-22 16:24:14.133+0000 INFO [o.n.k.i.DiagnosticsManager] Garbage Collector: G1 Young Generation: [G1 Eden Space, G1 Survivor Space]
2017-06-22 16:24:14.133+0000 INFO [o.n.k.i.DiagnosticsManager] Garbage Collector: G1 Old Generation: [G1 Eden Space, G1 Survivor Space, G1 Old Gen]
2017-06-22 16:24:14.134+0000 INFO [o.n.k.i.DiagnosticsManager] Memory Pool: Code Cache (Non-heap memory): committed=5.63 MB, used=5.56 MB, max=240.00 MB, threshold=0.00 B
2017-06-22 16:24:14.134+0000 INFO [o.n.k.i.DiagnosticsManager] Memory Pool: Metaspace (Non-heap memory): committed=15.00 MB, used=14.12 MB, max=-1.00 B, threshold=0.00 B
2017-06-22 16:24:14.134+0000 INFO [o.n.k.i.DiagnosticsManager] Memory Pool: Compressed Class Space (Non-heap memory): committed=2.00 MB, used=1.74 MB, max=1.00 GB, threshold=0.00 B
2017-06-22 16:24:14.134+0000 INFO [o.n.k.i.DiagnosticsManager] Memory Pool: G1 Eden Space (Heap memory): committed=23.00 MB, used=7.00 MB, max=-1.00 B, threshold=?
2017-06-22 16:24:14.135+0000 INFO [o.n.k.i.DiagnosticsManager] Memory Pool: G1 Survivor Space (Heap memory): committed=4.00 MB, used=4.00 MB, max=-1.00 B, threshold=?
2017-06-22 16:24:14.135+0000 INFO [o.n.k.i.DiagnosticsManager] Memory Pool: G1 Old Gen (Heap memory): committed=485.00 MB, used=34.82 MB, max=512.00 MB, threshold=0.00 B
2017-06-22 16:24:14.135+0000 INFO [o.n.k.i.DiagnosticsManager] Operating system information:
2017-06-22 16:24:14.146+0000 INFO [o.n.k.i.DiagnosticsManager] Operating System: Linux; version: 4.9.27-moby; arch: amd64; cpus: 4
2017-06-22 16:24:14.146+0000 INFO [o.n.k.i.DiagnosticsManager] Max number of file descriptors: 1048576
2017-06-22 16:24:14.147+0000 INFO [o.n.k.i.DiagnosticsManager] Number of open file descriptors: 102
2017-06-22 16:24:14.148+0000 INFO [o.n.k.i.DiagnosticsManager] Process id: 1@3e0734111ba5
2017-06-22 16:24:14.148+0000 INFO [o.n.k.i.DiagnosticsManager] Byte order: LITTLE_ENDIAN
2017-06-22 16:24:14.148+0000 INFO [o.n.k.i.DiagnosticsManager] Local timezone: GMT
2017-06-22 16:24:14.148+0000 INFO [o.n.k.i.DiagnosticsManager] JVM information:
2017-06-22 16:24:14.148+0000 INFO [o.n.k.i.DiagnosticsManager] VM Name: OpenJDK 64-Bit Server VM
2017-06-22 16:24:14.148+0000 INFO [o.n.k.i.DiagnosticsManager] VM Vendor: Oracle Corporation
2017-06-22 16:24:14.149+0000 INFO [o.n.k.i.DiagnosticsManager] VM Version: 25.131-b11
2017-06-22 16:24:14.149+0000 INFO [o.n.k.i.DiagnosticsManager] JIT compiler: HotSpot 64-Bit Tiered Compilers
2017-06-22 16:24:14.150+0000 INFO [o.n.k.i.DiagnosticsManager] VM Arguments: [-Xms512M, -Xmx512M, -XX:+UseG1GC, -XX:-OmitStackTraceInFastThrow, -XX:+AlwaysPreTouch, -XX:+UnlockExperimentalVMOptions, -XX:+TrustFinalNonStaticFields, -XX:+DisableExplicitGC, -Djdk.tls.ephemeralDHKeySize=2048, -Dunsupported.dbms.udc.source=tarball, -Dfile.encoding=UTF-8]
2017-06-22 16:24:14.150+0000 INFO [o.n.k.i.DiagnosticsManager] Java classpath:
2017-06-22 16:24:14.151+0000 INFO [o.n.k.i.DiagnosticsManager]  [classpath + loader.0] file:/var/lib/neo4j/lib/jetty-util-9.2.9.v20150224.jar
2017-06-22 16:24:14.151+0000 INFO [o.n.k.i.DiagnosticsManager]  [classpath + loader.0] file:/var/lib/neo4j/lib/neo4j-collections-3.2.1.jar
2017-06-22 16:24:14.151+0000 INFO [o.n.k.i.DiagnosticsManager]  [classpath + loader.0] file:/var/lib/neo4j/lib/neo4j-shell-3.2.1.jar
2017-06-22 16:24:14.151+0000 INFO [o.n.k.i.DiagnosticsManager]  [classpath + loader.0] file:/var/lib/neo4j/lib/jackson-core-asl-1.9.13.jar
2017-06-22 16:24:14.151+0000 INFO [o.n.k.i.DiagnosticsManager]  [loader.1] file:/usr/lib/jvm/java-1.8-openjdk/jre/lib/ext/jaccess.jar
2017-06-22 16:24:14.151+0000 INFO [o.n.k.i.DiagnosticsManager]  [classpath + loader.0] file:/var/lib/neo4j/lib/jetty-server-9.2.9.v20150224.jar
2017-06-22 16:24:14.151+0000 INFO [o.n.k.i.DiagnosticsManager]  [classpath + loader.0] file:/var/lib/neo4j/lib/neo4j-browser-3.0.4.jar
2017-06-22 16:24:14.151+0000 INFO [o.n.k.i.DiagnosticsManager]  [classpath + loader.0] file:/var/lib/neo4j/lib/scala-reflect-2.11.8.jar
2017-06-22 16:24:14.151+0000 INFO [o.n.k.i.DiagnosticsManager]  [classpath + loader.0] file:/var/lib/neo4j/lib/commons-io-2.4.jar
2017-06-22 16:24:14.151+0000 INFO [o.n.k.i.DiagnosticsManager]  [classpath + loader.0] file:/var/lib/neo4j/lib/concurrentlinkedhashmap-lru-1.4.2.jar
2017-06-22 16:24:14.151+0000 INFO [o.n.k.i.DiagnosticsManager]  [classpath + loader.0] file:/var/lib/neo4j/lib/neo4j-dbms-3.2.1.jar
2017-06-22 16:24:14.152+0000 INFO [o.n.k.i.DiagnosticsManager]  [classpath + loader.0] file:/var/lib/neo4j/lib/jetty-io-9.2.9.v20150224.jar
2017-06-22 16:24:14.152+0000 INFO [o.n.k.i.DiagnosticsManager]  [bootstrap] /usr/lib/jvm/java-1.8-openjdk/jre/lib/jce.jar
2017-06-22 16:24:14.152+0000 INFO [o.n.k.i.DiagnosticsManager]  [classpath + loader.0] file:/var/lib/neo4j/lib/neo4j-server-3.2.1.jar
2017-06-22 16:24:14.152+0000 INFO [o.n.k.i.DiagnosticsManager]  [classpath + loader.0] file:/var/lib/neo4j/lib/commons-beanutils-1.8.3.jar
2017-06-22 16:24:14.152+0000 INFO [o.n.k.i.DiagnosticsManager]  [classpath + loader.0] file:/var/lib/neo4j/lib/jersey-core-1.19.jar
2017-06-22 16:24:14.152+0000 INFO [o.n.k.i.DiagnosticsManager]  [classpath + loader.0] file:/plugins/commons-csv-1.4.jar
2017-06-22 16:24:14.152+0000 INFO [o.n.k.i.DiagnosticsManager]  [classpath + loader.0] file:/var/lib/neo4j/lib/commons-configuration-1.10.jar
2017-06-22 16:24:14.152+0000 INFO [o.n.k.i.DiagnosticsManager]  [classpath + loader.0] file:/plugins/neo4j-elastic-river-1.0.jar
2017-06-22 16:24:14.152+0000 INFO [o.n.k.i.DiagnosticsManager]  [classpath + loader.0] file:/var/lib/neo4j/lib/netty-all-4.1.8.Final.jar
2017-06-22 16:24:14.152+0000 INFO [o.n.k.i.DiagnosticsManager]  [classpath + loader.0] file:/var/lib/neo4j/lib/neo4j-lucene-upgrade-3.2.1.jar
2017-06-22 16:24:14.152+0000 INFO [o.n.k.i.DiagnosticsManager]  [loader.1] file:/usr/lib/jvm/java-1.8-openjdk/jre/lib/ext/sunec.jar
2017-06-22 16:24:14.152+0000 INFO [o.n.k.i.DiagnosticsManager]  [classpath + loader.0] file:/var/lib/neo4j/lib/lucene-codecs-5.5.0.jar
2017-06-22 16:24:14.152+0000 INFO [o.n.k.i.DiagnosticsManager]  [bootstrap] /usr/lib/jvm/java-1.8-openjdk/jre/classes
2017-06-22 16:24:14.152+0000 INFO [o.n.k.i.DiagnosticsManager]  [classpath + loader.0] file:/var/lib/neo4j/lib/neo4j-graph-matching-3.1.3.jar
2017-06-22 16:24:14.152+0000 INFO [o.n.k.i.DiagnosticsManager]  [classpath + loader.0] file:/var/lib/neo4j/lib/neo4j-configuration-3.2.1.jar
2017-06-22 16:24:14.152+0000 INFO [o.n.k.i.DiagnosticsManager]  [classpath + loader.0] file:/var/lib/neo4j/lib/bcprov-jdk15on-1.53.jar
2017-06-22 16:24:14.152+0000 INFO [o.n.k.i.DiagnosticsManager]  [classpath + loader.0] file:/var/lib/neo4j/lib/commons-digester-2.1.jar
2017-06-22 16:24:14.152+0000 INFO [o.n.k.i.DiagnosticsManager]  [classpath + loader.0] file:/var/lib/neo4j/lib/neo4j-logging-3.2.1.jar
2017-06-22 16:24:14.152+0000 INFO [o.n.k.i.DiagnosticsManager]  [classpath + loader.0] file:/var/lib/neo4j/lib/javax.servlet-api-3.1.0.jar
2017-06-22 16:24:14.152+0000 INFO [o.n.k.i.DiagnosticsManager]  [bootstrap] /usr/lib/jvm/java-1.8-openjdk/jre/lib/rt.jar
2017-06-22 16:24:14.152+0000 INFO [o.n.k.i.DiagnosticsManager]  [loader.1] file:/usr/lib/jvm/java-1.8-openjdk/jre/lib/ext/localedata.jar
2017-06-22 16:24:14.152+0000 INFO [o.n.k.i.DiagnosticsManager]  [classpath + loader.0] file:/var/lib/neo4j/lib/neo4j-graph-algo-3.2.1.jar
2017-06-22 16:24:14.152+0000 INFO [o.n.k.i.DiagnosticsManager]  [classpath + loader.0] file:/var/lib/neo4j/lib/neo4j-graphdb-api-3.2.1.jar
2017-06-22 16:24:14.152+0000 INFO [o.n.k.i.DiagnosticsManager]  [classpath + loader.0] file:/var/lib/neo4j/lib/neo4j-index-3.2.1.jar
2017-06-22 16:24:14.152+0000 INFO [o.n.k.i.DiagnosticsManager]  [classpath + loader.0] file:/var/lib/neo4j/lib/neo4j-command-line-3.2.1.jar
2017-06-22 16:24:14.152+0000 INFO [o.n.k.i.DiagnosticsManager]  [loader.1] file:/usr/lib/jvm/java-1.8-openjdk/jre/lib/ext/sunjce_provider.jar
2017-06-22 16:24:14.152+0000 INFO [o.n.k.i.DiagnosticsManager]  [classpath + loader.0] file:/var/lib/neo4j/lib/commons-lang-2.6.jar
2017-06-22 16:24:14.152+0000 INFO [o.n.k.i.DiagnosticsManager]  [classpath + loader.0] file:/var/lib/neo4j/lib/jetty-servlet-9.2.9.v20150224.jar
2017-06-22 16:24:14.152+0000 INFO [o.n.k.i.DiagnosticsManager]  [classpath + loader.0] file:/var/lib/neo4j/lib/rhino-1.7R4.jar
2017-06-22 16:24:14.152+0000 INFO [o.n.k.i.DiagnosticsManager]  [classpath + loader.0] file:/var/lib/neo4j/lib/jetty-http-9.2.9.v20150224.jar
2017-06-22 16:24:14.153+0000 INFO [o.n.k.i.DiagnosticsManager]  [classpath + loader.0] file:/var/lib/neo4j/lib/neo4j-io-3.2.1.jar
2017-06-22 16:24:14.153+0000 INFO [o.n.k.i.DiagnosticsManager]  [classpath + loader.0] file:/var/lib/neo4j/lib/commons-lang3-3.3.2.jar
2017-06-22 16:24:14.153+0000 INFO [o.n.k.i.DiagnosticsManager]  [loader.1] file:/usr/lib/jvm/java-1.8-openjdk/jre/lib/ext/nashorn.jar
2017-06-22 16:24:14.153+0000 INFO [o.n.k.i.DiagnosticsManager]  [classpath + loader.0] file:/var/lib/neo4j/lib/lucene-queryparser-5.5.0.jar
2017-06-22 16:24:14.153+0000 INFO [o.n.k.i.DiagnosticsManager]  [classpath + loader.0] file:/var/lib/neo4j/lib/scala-library-2.11.8.jar
2017-06-22 16:24:14.153+0000 INFO [o.n.k.i.DiagnosticsManager]  [classpath + loader.0] file:/var/lib/neo4j/lib/jetty-security-9.2.9.v20150224.jar
2017-06-22 16:24:14.153+0000 INFO [o.n.k.i.DiagnosticsManager]  [loader.1] file:/usr/lib/jvm/java-1.8-openjdk/jre/lib/ext/dnsns.jar
2017-06-22 16:24:14.153+0000 INFO [o.n.k.i.DiagnosticsManager]  [classpath + loader.0] file:/var/lib/neo4j/lib/neo4j-cypher-compiler-2.3-2.3.10.jar
2017-06-22 16:24:14.153+0000 INFO [o.n.k.i.DiagnosticsManager]  [bootstrap] /usr/lib/jvm/java-1.8-openjdk/jre/lib/jfr.jar
2017-06-22 16:24:14.153+0000 INFO [o.n.k.i.DiagnosticsManager]  [classpath + loader.0] file:/var/lib/neo4j/lib/neo4j-codegen-3.2.1.jar
2017-06-22 16:24:14.153+0000 INFO [o.n.k.i.DiagnosticsManager]  [classpath + loader.0] file:/var/lib/neo4j/lib/jline-2.12.jar
2017-06-22 16:24:14.153+0000 INFO [o.n.k.i.DiagnosticsManager]  [classpath + loader.0] file:/var/lib/neo4j/lib/jersey-server-1.19.jar
2017-06-22 16:24:14.153+0000 INFO [o.n.k.i.DiagnosticsManager]  [classpath + loader.0] file:/var/lib/neo4j/lib/neo4j-bolt-3.2.1.jar
2017-06-22 16:24:14.153+0000 INFO [o.n.k.i.DiagnosticsManager]  [classpath + loader.0] file:/var/lib/neo4j/lib/asm-5.2.jar
2017-06-22 16:24:14.153+0000 INFO [o.n.k.i.DiagnosticsManager]  [classpath + loader.0] file:/var/lib/neo4j/conf/
2017-06-22 16:24:14.153+0000 INFO [o.n.k.i.DiagnosticsManager]  [loader.1] file:/usr/lib/jvm/java-1.8-openjdk/jre/lib/ext/sunpkcs11.jar
2017-06-22 16:24:14.160+0000 INFO [o.n.k.i.DiagnosticsManager]  [classpath + loader.0] file:/var/lib/neo4j/lib/neo4j-unsafe-3.2.1.jar
2017-06-22 16:24:14.160+0000 INFO [o.n.k.i.DiagnosticsManager]  [classpath + loader.0] file:/var/lib/neo4j/lib/server-api-3.2.1.jar
2017-06-22 16:24:14.160+0000 INFO [o.n.k.i.DiagnosticsManager]  [classpath + loader.0] file:/var/lib/neo4j/lib/bcpkix-jdk15on-1.53.jar
2017-06-22 16:24:14.160+0000 INFO [o.n.k.i.DiagnosticsManager]  [classpath + loader.0] file:/var/lib/neo4j/lib/commons-compress-1.12.jar
2017-06-22 16:24:14.160+0000 INFO [o.n.k.i.DiagnosticsManager]  [classpath + loader.0] file:/var/lib/neo4j/lib/neo4j-cypher-3.2.1.jar
2017-06-22 16:24:14.160+0000 INFO [o.n.k.i.DiagnosticsManager]  [classpath + loader.0] file:/var/lib/neo4j/lib/opencsv-2.3.jar
2017-06-22 16:24:14.160+0000 INFO [o.n.k.i.DiagnosticsManager]  [classpath + loader.0] file:/var/lib/neo4j/lib/neo4j-kernel-3.2.1.jar
2017-06-22 16:24:14.160+0000 INFO [o.n.k.i.DiagnosticsManager]  [classpath + loader.0] file:/var/lib/neo4j/lib/parboiled-scala_2.11-1.1.7.jar
2017-06-22 16:24:14.160+0000 INFO [o.n.k.i.DiagnosticsManager]  [classpath + loader.0] file:/var/lib/neo4j/lib/caffeine-2.3.3.jar
2017-06-22 16:24:14.160+0000 INFO [o.n.k.i.DiagnosticsManager]  [classpath + loader.0] file:/var/lib/neo4j/lib/jersey-servlet-1.19.jar
2017-06-22 16:24:14.160+0000 INFO [o.n.k.i.DiagnosticsManager]  [classpath + loader.0] file:/var/lib/neo4j/lib/lucene-analyzers-common-5.5.0.jar
2017-06-22 16:24:14.161+0000 INFO [o.n.k.i.DiagnosticsManager]  [classpath + loader.0] file:/var/lib/neo4j/lib/neo4j-cypher-ir-3.2-3.2.1.jar
2017-06-22 16:24:14.161+0000 INFO [o.n.k.i.DiagnosticsManager]  [classpath + loader.0] file:/var/lib/neo4j/lib/neo4j-primitive-collections-3.2.1.jar
2017-06-22 16:24:14.161+0000 INFO [o.n.k.i.DiagnosticsManager]  [classpath + loader.0] file:/var/lib/neo4j/lib/lucene-core-5.5.0.jar
2017-06-22 16:24:14.161+0000 INFO [o.n.k.i.DiagnosticsManager]  [classpath + loader.0] file:/var/lib/neo4j/lib/neo4j-common-3.2.1.jar
2017-06-22 16:24:14.161+0000 INFO [o.n.k.i.DiagnosticsManager]  [bootstrap] /usr/lib/jvm/java-1.8-openjdk/jre/lib/resources.jar
2017-06-22 16:24:14.161+0000 INFO [o.n.k.i.DiagnosticsManager]  [bootstrap] /usr/lib/jvm/java-1.8-openjdk/jre/lib/charsets.jar
2017-06-22 16:24:14.161+0000 INFO [o.n.k.i.DiagnosticsManager]  [classpath + loader.0] file:/var/lib/neo4j/lib/neo4j-csv-3.2.1.jar
2017-06-22 16:24:14.161+0000 INFO [o.n.k.i.DiagnosticsManager]  [classpath + loader.0] file:/var/lib/neo4j/lib/jetty-webapp-9.2.9.v20150224.jar
2017-06-22 16:24:14.161+0000 INFO [o.n.k.i.DiagnosticsManager]  [classpath + loader.0] file:/var/lib/neo4j/lib/neo4j-security-3.2.1.jar
2017-06-22 16:24:14.161+0000 INFO [o.n.k.i.DiagnosticsManager]  [classpath + loader.0] file:/var/lib/neo4j/lib/jackson-mapper-asl-1.9.13.jar
2017-06-22 16:24:14.161+0000 INFO [o.n.k.i.DiagnosticsManager]  [classpath + loader.0] file:/var/lib/neo4j/lib/neo4j-import-tool-3.2.1.jar
2017-06-22 16:24:14.161+0000 INFO [o.n.k.i.DiagnosticsManager]  [classpath + loader.0] file:/var/lib/neo4j/lib/neo4j-cypher-compiler-3.1-3.1.4.jar
2017-06-22 16:24:14.161+0000 INFO [o.n.k.i.DiagnosticsManager]  [classpath + loader.0] file:/var/lib/neo4j/lib/jetty-xml-9.2.9.v20150224.jar
2017-06-22 16:24:14.161+0000 INFO [o.n.k.i.DiagnosticsManager]  [classpath + loader.0] file:/var/lib/neo4j/lib/jackson-jaxrs-1.9.13.jar
2017-06-22 16:24:14.161+0000 INFO [o.n.k.i.DiagnosticsManager]  [loader.1] file:/usr/lib/jvm/java-1.8-openjdk/jre/lib/ext/zipfs.jar
2017-06-22 16:24:14.161+0000 INFO [o.n.k.i.DiagnosticsManager]  [classpath + loader.0] file:/var/lib/neo4j/lib/neo4j-cypher-frontend-3.2-3.2.1.jar
2017-06-22 16:24:14.161+0000 INFO [o.n.k.i.DiagnosticsManager]  [classpath + loader.0] file:/var/lib/neo4j/lib/neo4j-cypher-frontend-2.3-2.3.10.jar
2017-06-22 16:24:14.161+0000 INFO [o.n.k.i.DiagnosticsManager]  [loader.1] file:/usr/lib/jvm/java-1.8-openjdk/jre/lib/ext/cldrdata.jar
2017-06-22 16:24:14.161+0000 INFO [o.n.k.i.DiagnosticsManager]  [classpath + loader.0] file:/var/lib/neo4j/lib/jsr311-api-1.1.2.r612.jar
2017-06-22 16:24:14.161+0000 INFO [o.n.k.i.DiagnosticsManager]  [classpath + loader.0] file:/var/lib/neo4j/lib/jersey-multipart-1.19.jar
2017-06-22 16:24:14.161+0000 INFO [o.n.k.i.DiagnosticsManager]  [classpath + loader.0] file:/var/lib/neo4j/lib/neo4j-consistency-check-3.2.1.jar
2017-06-22 16:24:14.161+0000 INFO [o.n.k.i.DiagnosticsManager]  [classpath + loader.0] file:/plugins/
2017-06-22 16:24:14.161+0000 INFO [o.n.k.i.DiagnosticsManager]  [classpath + loader.0] file:/var/lib/neo4j/lib/neo4j-udc-3.2.1.jar
2017-06-22 16:24:14.161+0000 INFO [o.n.k.i.DiagnosticsManager]  [bootstrap] /usr/lib/jvm/java-1.8-openjdk/jre/lib/jsse.jar
2017-06-22 16:24:14.161+0000 INFO [o.n.k.i.DiagnosticsManager]  [bootstrap] /usr/lib/jvm/java-1.8-openjdk/jre/lib/sunrsasign.jar
2017-06-22 16:24:14.161+0000 INFO [o.n.k.i.DiagnosticsManager]  [classpath + loader.0] file:/var/lib/neo4j/lib/neo4j-jmx-3.2.1.jar
2017-06-22 16:24:14.161+0000 INFO [o.n.k.i.DiagnosticsManager]  [classpath + loader.0] file:/var/lib/neo4j/lib/neo4j-cypher-compiler-3.2-3.2.1.jar
2017-06-22 16:24:14.161+0000 INFO [o.n.k.i.DiagnosticsManager]  [classpath + loader.0] file:/var/lib/neo4j/lib/neo4j-resource-3.2.1.jar
2017-06-22 16:24:14.161+0000 INFO [o.n.k.i.DiagnosticsManager]  [classpath + loader.0] file:/var/lib/neo4j/lib/neo4j-cypher-frontend-3.1-3.1.4.jar
2017-06-22 16:24:14.161+0000 INFO [o.n.k.i.DiagnosticsManager]  [classpath + loader.0] file:/var/lib/neo4j/lib/commons-logging-1.1.1.jar
2017-06-22 16:24:14.161+0000 INFO [o.n.k.i.DiagnosticsManager]  [classpath + loader.0] file:/var/lib/neo4j/lib/neo4j-lucene-index-3.2.1.jar
2017-06-22 16:24:14.162+0000 INFO [o.n.k.i.DiagnosticsManager]  [classpath + loader.0] file:/var/lib/neo4j/lib/parboiled-core-1.1.7.jar
2017-06-22 16:24:14.162+0000 INFO [o.n.k.i.DiagnosticsManager]  [classpath + loader.0] file:/plugins/chicago-crime-elastic.jar
2017-06-22 16:24:14.162+0000 INFO [o.n.k.i.DiagnosticsManager]  [classpath + loader.0] file:/var/lib/neo4j/lib/mimepull-1.9.3.jar
2017-06-22 16:24:14.162+0000 INFO [o.n.k.i.DiagnosticsManager] Library path:
2017-06-22 16:24:14.162+0000 INFO [o.n.k.i.DiagnosticsManager] /usr/lib/jvm/java-1.8-openjdk/jre/lib/amd64/server
2017-06-22 16:24:14.162+0000 INFO [o.n.k.i.DiagnosticsManager] /usr/lib/jvm/java-1.8-openjdk/jre/lib/amd64
2017-06-22 16:24:14.162+0000 INFO [o.n.k.i.DiagnosticsManager] /usr/lib/jvm/java-1.8-openjdk/lib/amd64
2017-06-22 16:24:14.162+0000 INFO [o.n.k.i.DiagnosticsManager] /usr/java/packages/lib/amd64
2017-06-22 16:24:14.162+0000 INFO [o.n.k.i.DiagnosticsManager] /usr/lib64
2017-06-22 16:24:14.162+0000 INFO [o.n.k.i.DiagnosticsManager] /lib64
2017-06-22 16:24:14.162+0000 INFO [o.n.k.i.DiagnosticsManager] /lib
2017-06-22 16:24:14.162+0000 INFO [o.n.k.i.DiagnosticsManager] /usr/lib
2017-06-22 16:24:14.162+0000 INFO [o.n.k.i.DiagnosticsManager] System.properties:
2017-06-22 16:24:14.163+0000 INFO [o.n.k.i.DiagnosticsManager] sun.boot.library.path = /usr/lib/jvm/java-1.8-openjdk/jre/lib/amd64
2017-06-22 16:24:14.163+0000 INFO [o.n.k.i.DiagnosticsManager] path.separator = :
2017-06-22 16:24:14.163+0000 INFO [o.n.k.i.DiagnosticsManager] file.encoding.pkg = sun.io
2017-06-22 16:24:14.163+0000 INFO [o.n.k.i.DiagnosticsManager] user.country = US
2017-06-22 16:24:14.163+0000 INFO [o.n.k.i.DiagnosticsManager] sun.java.launcher = SUN_STANDARD
2017-06-22 16:24:14.163+0000 INFO [o.n.k.i.DiagnosticsManager] sun.os.patch.level = unknown
2017-06-22 16:24:14.163+0000 INFO [o.n.k.i.DiagnosticsManager] user.dir = /var/lib/neo4j
2017-06-22 16:24:14.163+0000 INFO [o.n.k.i.DiagnosticsManager] sun.jnu.encoding = UTF-8
2017-06-22 16:24:14.163+0000 INFO [o.n.k.i.DiagnosticsManager] unsupported.dbms.udc.source = tarball
2017-06-22 16:24:14.163+0000 INFO [o.n.k.i.DiagnosticsManager] sun.management.compiler = HotSpot 64-Bit Tiered Compilers
2017-06-22 16:24:14.163+0000 INFO [o.n.k.i.DiagnosticsManager] user.home = /root
2017-06-22 16:24:14.163+0000 INFO [o.n.k.i.DiagnosticsManager] user.timezone = GMT
2017-06-22 16:24:14.163+0000 INFO [o.n.k.i.DiagnosticsManager] file.encoding = UTF-8
2017-06-22 16:24:14.164+0000 INFO [o.n.k.i.DiagnosticsManager] user.name = root
2017-06-22 16:24:14.164+0000 INFO [o.n.k.i.DiagnosticsManager] sun.java.command = org.neo4j.server.CommunityEntryPoint --home-dir=/var/lib/neo4j --config-dir=/var/lib/neo4j/conf
2017-06-22 16:24:14.164+0000 INFO [o.n.k.i.DiagnosticsManager] sun.arch.data.model = 64
2017-06-22 16:24:14.164+0000 INFO [o.n.k.i.DiagnosticsManager] user.language = en
2017-06-22 16:24:14.164+0000 INFO [o.n.k.i.DiagnosticsManager] awt.toolkit = sun.awt.X11.XToolkit
2017-06-22 16:24:14.164+0000 INFO [o.n.k.i.DiagnosticsManager] jdk.tls.ephemeralDHKeySize = 2048
2017-06-22 16:24:14.164+0000 INFO [o.n.k.i.DiagnosticsManager] file.separator = /
2017-06-22 16:24:14.164+0000 INFO [o.n.k.i.DiagnosticsManager] sun.io.unicode.encoding = UnicodeLittle
2017-06-22 16:24:14.164+0000 INFO [o.n.k.i.DiagnosticsManager] sun.cpu.endian = little
2017-06-22 16:24:14.164+0000 INFO [o.n.k.i.DiagnosticsManager] sun.cpu.isalist = 
2017-06-22 16:24:14.164+0000 INFO [o.n.k.i.DiagnosticsManager] Linux scheduler information:
2017-06-22 16:24:14.195+0000 INFO [o.n.k.i.DiagnosticsManager] none
2017-06-22 16:24:14.195+0000 INFO [o.n.k.i.DiagnosticsManager] none
2017-06-22 16:24:14.195+0000 INFO [o.n.k.i.DiagnosticsManager] none
2017-06-22 16:24:14.196+0000 INFO [o.n.k.i.DiagnosticsManager] none
2017-06-22 16:24:14.196+0000 INFO [o.n.k.i.DiagnosticsManager] none
2017-06-22 16:24:14.196+0000 INFO [o.n.k.i.DiagnosticsManager] none
2017-06-22 16:24:14.196+0000 INFO [o.n.k.i.DiagnosticsManager] none
2017-06-22 16:24:14.196+0000 INFO [o.n.k.i.DiagnosticsManager] none
2017-06-22 16:24:14.196+0000 INFO [o.n.k.i.DiagnosticsManager] none
2017-06-22 16:24:14.197+0000 INFO [o.n.k.i.DiagnosticsManager] none
2017-06-22 16:24:14.197+0000 INFO [o.n.k.i.DiagnosticsManager] none
2017-06-22 16:24:14.197+0000 INFO [o.n.k.i.DiagnosticsManager] none
2017-06-22 16:24:14.197+0000 INFO [o.n.k.i.DiagnosticsManager] none
2017-06-22 16:24:14.197+0000 INFO [o.n.k.i.DiagnosticsManager] none
2017-06-22 16:24:14.197+0000 INFO [o.n.k.i.DiagnosticsManager] none
2017-06-22 16:24:14.198+0000 INFO [o.n.k.i.DiagnosticsManager] none
2017-06-22 16:24:14.198+0000 INFO [o.n.k.i.DiagnosticsManager] none
2017-06-22 16:24:14.198+0000 INFO [o.n.k.i.DiagnosticsManager] none
2017-06-22 16:24:14.198+0000 INFO [o.n.k.i.DiagnosticsManager] none
2017-06-22 16:24:14.198+0000 INFO [o.n.k.i.DiagnosticsManager] none
2017-06-22 16:24:14.198+0000 INFO [o.n.k.i.DiagnosticsManager] none
2017-06-22 16:24:14.199+0000 INFO [o.n.k.i.DiagnosticsManager] none
2017-06-22 16:24:14.199+0000 INFO [o.n.k.i.DiagnosticsManager] none
2017-06-22 16:24:14.199+0000 INFO [o.n.k.i.DiagnosticsManager] none
2017-06-22 16:24:14.199+0000 INFO [o.n.k.i.DiagnosticsManager] none
2017-06-22 16:24:14.199+0000 INFO [o.n.k.i.DiagnosticsManager] Network information:
2017-06-22 16:24:14.200+0000 INFO [o.n.k.i.DiagnosticsManager] Interface eth0:
2017-06-22 16:24:14.201+0000 INFO [o.n.k.i.DiagnosticsManager]     address: fe80:0:0:0:42:acff:fe12:2%eth0
2017-06-22 16:24:14.201+0000 INFO [o.n.k.i.DiagnosticsManager]     address: 172.18.0.2
2017-06-22 16:24:14.201+0000 INFO [o.n.k.i.DiagnosticsManager] Interface lo:
2017-06-22 16:24:14.201+0000 INFO [o.n.k.i.DiagnosticsManager]     address: 0:0:0:0:0:0:0:1%lo
2017-06-22 16:24:14.201+0000 INFO [o.n.k.i.DiagnosticsManager]     address: 127.0.0.1
2017-06-22 16:24:14.201+0000 INFO [o.n.k.i.DiagnosticsManager] --- INITIALIZED diagnostics END ---
2017-06-22 16:24:14.830+0000 INFO [o.n.b.v.r.WorkerFactory] Bolt Server extension loaded.
2017-06-22 16:24:14.832+0000 INFO [o.n.b.v.r.WorkerFactory] Bolt enabled on 0.0.0.0:7687.
2017-06-22 16:24:15.777+0000 INFO [o.n.k.i.s.f.RecordFormatSelector] Selected format 'RecordFormat:StandardV3_2[v0.A.8]' for the new store
2017-06-22 16:24:16.661+0000 INFO [o.n.k.i.a.i.IndexingService] IndexingService.init: indexes not specifically mentioned above are null
2017-06-22 16:24:16.665+0000 INFO [o.n.k.i.i.l.NativeLabelScanStore] No scan store found, this might just be first use. Preparing to rebuild.
2017-06-22 16:24:16.714+0000 INFO [o.n.k.NeoStoreDataSource] Opened logical log [/var/lib/neo4j/data/databases/graph.db/neostore.transaction.db.0] version=0, lastTxId=1 (clean)
2017-06-22 16:24:16.723+0000 INFO [o.n.k.NeoStoreDataSource] No commits found after last check point (which is at <no log position given>)
2017-06-22 16:24:16.736+0000 WARN [o.n.k.i.s.MetaDataStore] Missing counts store, rebuilding it.
2017-06-22 16:24:16.888+0000 WARN [o.n.k.i.s.MetaDataStore] Counts store rebuild completed.
2017-06-22 16:24:16.929+0000 INFO [o.n.k.i.a.i.IndexingService] IndexingService.start: indexes not specifically mentioned above are null
2017-06-22 16:24:16.932+0000 INFO [o.n.k.i.i.l.NativeLabelScanStore] Rebuilding scan store, this may take a while
2017-06-22 16:24:16.947+0000 INFO [o.n.k.i.i.l.NativeLabelScanStore] Scan store rebuilt (roughly 0 nodes)
2017-06-22 16:24:16.957+0000 INFO [o.n.k.i.DatabaseHealth] Database health set to OK
2017-06-22 16:24:18.073+0000 WARN [io.netty.util.internal.MacAddressUtil] Failed to find a usable hardware address from the network interfaces; using random bytes: 9c:3f:5f:2d:fd:3c:17:3c
2017-06-22 16:24:21.152+0000 WARN [o.n.k.i.p.Procedures] Failed to load `org.apache.commons.logging.impl.AvalonLogger` from plugin jar `/plugins/neo4j-elastic-river-1.0.jar`: org/apache/avalon/framework/logger/Logger
2017-06-22 16:24:21.156+0000 WARN [o.n.k.i.p.Procedures] Failed to load `org.apache.commons.logging.impl.Log4JLogger` from plugin jar `/plugins/neo4j-elastic-river-1.0.jar`: org/apache/log4j/Category
2017-06-22 16:24:21.162+0000 WARN [o.n.k.i.p.Procedures] Failed to load `org.apache.commons.logging.impl.LogKitLogger` from plugin jar `/plugins/neo4j-elastic-river-1.0.jar`: org/apache/log/Logger
2017-06-22 16:24:21.319+0000 INFO [o.n.k.AvailabilityGuard] Fulfilling of requirement makes database available: Database available
2017-06-22 16:24:21.320+0000 INFO [o.n.k.i.f.GraphDatabaseFacadeFactory] Database is now ready
2017-06-22 16:24:21.323+0000 INFO [o.n.k.i.DiagnosticsManager] --- STARTED diagnostics for KernelDiagnostics:Versions START ---
2017-06-22 16:24:21.325+0000 INFO [o.n.k.i.DiagnosticsManager] Graph Database: community single StoreId{creationTime=1498148656366, randomId=-8805852682230652909, storeVersion=15813456178476550, upgradeTime=1498148656366, upgradeId=1}
2017-06-22 16:24:21.326+0000 INFO [o.n.k.i.DiagnosticsManager] Kernel version: 3.2.1,6bfaef081803fd1f82534da6a49efdec251eabe5
2017-06-22 16:24:21.327+0000 INFO [o.n.k.i.DiagnosticsManager] --- STARTED diagnostics for KernelDiagnostics:Versions END ---
2017-06-22 16:24:21.332+0000 INFO [o.n.k.i.DiagnosticsManager] --- STARTED diagnostics for NEO_STORE_VERSIONS START ---
2017-06-22 16:24:21.333+0000 INFO [o.n.k.i.DiagnosticsManager] Store versions:
2017-06-22 16:24:21.334+0000 INFO [o.n.k.i.DiagnosticsManager] Store versions:
2017-06-22 16:24:21.336+0000 INFO [o.n.k.i.DiagnosticsManager]   ArrayPropertyStore v0.A.8
2017-06-22 16:24:21.338+0000 INFO [o.n.k.i.DiagnosticsManager]   NodeStore v0.A.8
2017-06-22 16:24:21.340+0000 INFO [o.n.k.i.DiagnosticsManager]   StringPropertyStore v0.A.8
2017-06-22 16:24:21.341+0000 INFO [o.n.k.i.DiagnosticsManager]   PropertyIndexStore v0.A.8
2017-06-22 16:24:21.342+0000 INFO [o.n.k.i.DiagnosticsManager]   StringPropertyStore v0.A.8
2017-06-22 16:24:21.343+0000 INFO [o.n.k.i.DiagnosticsManager]   ArrayPropertyStore v0.A.8
2017-06-22 16:24:21.344+0000 INFO [o.n.k.i.DiagnosticsManager]   PropertyStore v0.A.8
2017-06-22 16:24:21.345+0000 INFO [o.n.k.i.DiagnosticsManager]   RelationshipStore v0.A.8
2017-06-22 16:24:21.346+0000 INFO [o.n.k.i.DiagnosticsManager]   StringPropertyStore v0.A.8
2017-06-22 16:24:21.348+0000 INFO [o.n.k.i.DiagnosticsManager]   RelationshipTypeStore v0.A.8
2017-06-22 16:24:21.349+0000 INFO [o.n.k.i.DiagnosticsManager]   StringPropertyStore v0.A.8
2017-06-22 16:24:21.351+0000 INFO [o.n.k.i.DiagnosticsManager]   LabelTokenStore v0.A.8
2017-06-22 16:24:21.352+0000 INFO [o.n.k.i.DiagnosticsManager]   SchemaStore v0.A.8
2017-06-22 16:24:21.353+0000 INFO [o.n.k.i.DiagnosticsManager]   RelationshipGroupStore v0.A.8
2017-06-22 16:24:21.354+0000 INFO [o.n.k.i.DiagnosticsManager]   NeoStore v0.A.8
2017-06-22 16:24:21.355+0000 INFO [o.n.k.i.DiagnosticsManager] --- STARTED diagnostics for NEO_STORE_VERSIONS END ---
2017-06-22 16:24:21.357+0000 INFO [o.n.k.i.DiagnosticsManager] --- STARTED diagnostics for NEO_STORE_ID_USAGE START ---
2017-06-22 16:24:21.359+0000 INFO [o.n.k.i.DiagnosticsManager] Id usage:
2017-06-22 16:24:21.360+0000 INFO [o.n.k.i.DiagnosticsManager] Id usage:
2017-06-22 16:24:21.362+0000 INFO [o.n.k.i.DiagnosticsManager]   ArrayPropertyStore: used=1 high=0
2017-06-22 16:24:21.363+0000 INFO [o.n.k.i.DiagnosticsManager]   NodeStore: used=0 high=-1
2017-06-22 16:24:21.364+0000 INFO [o.n.k.i.DiagnosticsManager]   StringPropertyStore: used=1 high=0
2017-06-22 16:24:21.365+0000 INFO [o.n.k.i.DiagnosticsManager]   PropertyIndexStore: used=0 high=-1
2017-06-22 16:24:21.366+0000 INFO [o.n.k.i.DiagnosticsManager]   StringPropertyStore: used=1 high=0
2017-06-22 16:24:21.367+0000 INFO [o.n.k.i.DiagnosticsManager]   ArrayPropertyStore: used=1 high=0
2017-06-22 16:24:21.369+0000 INFO [o.n.k.i.DiagnosticsManager]   PropertyStore: used=0 high=-1
2017-06-22 16:24:21.370+0000 INFO [o.n.k.i.DiagnosticsManager]   RelationshipStore: used=0 high=-1
2017-06-22 16:24:21.371+0000 INFO [o.n.k.i.DiagnosticsManager]   StringPropertyStore: used=1 high=0
2017-06-22 16:24:21.372+0000 INFO [o.n.k.i.DiagnosticsManager]   RelationshipTypeStore: used=0 high=-1
2017-06-22 16:24:21.375+0000 INFO [o.n.k.i.DiagnosticsManager]   StringPropertyStore: used=1 high=0
2017-06-22 16:24:21.376+0000 INFO [o.n.k.i.DiagnosticsManager]   LabelTokenStore: used=0 high=-1
2017-06-22 16:24:21.377+0000 INFO [o.n.k.i.DiagnosticsManager]   SchemaStore: used=1 high=0
2017-06-22 16:24:21.378+0000 INFO [o.n.k.i.DiagnosticsManager]   RelationshipGroupStore: used=1 high=0
2017-06-22 16:24:21.380+0000 INFO [o.n.k.i.DiagnosticsManager]   NeoStore: used=15 high=14
2017-06-22 16:24:21.381+0000 INFO [o.n.k.i.DiagnosticsManager] --- STARTED diagnostics for NEO_STORE_ID_USAGE END ---
2017-06-22 16:24:21.382+0000 INFO [o.n.k.i.DiagnosticsManager] --- STARTED diagnostics for NEO_STORE_RECORDS START ---
2017-06-22 16:24:21.383+0000 INFO [o.n.k.i.DiagnosticsManager] Neostore records:
2017-06-22 16:24:21.385+0000 INFO [o.n.k.i.DiagnosticsManager] TIME (Creation time): 1498148656366
2017-06-22 16:24:21.386+0000 INFO [o.n.k.i.DiagnosticsManager] RANDOM_NUMBER (Random number for store id): -8805852682230652909
2017-06-22 16:24:21.387+0000 INFO [o.n.k.i.DiagnosticsManager] LOG_VERSION (Current log version): 0
2017-06-22 16:24:21.389+0000 INFO [o.n.k.i.DiagnosticsManager] LAST_TRANSACTION_ID (Last committed transaction): 1
2017-06-22 16:24:21.391+0000 INFO [o.n.k.i.DiagnosticsManager] STORE_VERSION (Store format version): 15813456178476550
2017-06-22 16:24:21.392+0000 INFO [o.n.k.i.DiagnosticsManager] FIRST_GRAPH_PROPERTY (First property record containing graph properties): -1
2017-06-22 16:24:21.394+0000 INFO [o.n.k.i.DiagnosticsManager] LAST_CONSTRAINT_TRANSACTION (Last committed transaction containing constraint changes): 0
2017-06-22 16:24:21.395+0000 INFO [o.n.k.i.DiagnosticsManager] UPGRADE_TRANSACTION_ID (Transaction id most recent upgrade was performed at): 1
2017-06-22 16:24:21.396+0000 INFO [o.n.k.i.DiagnosticsManager] UPGRADE_TIME (Time of last upgrade): 1498148656366
2017-06-22 16:24:21.397+0000 INFO [o.n.k.i.DiagnosticsManager] LAST_TRANSACTION_CHECKSUM (Checksum of last committed transaction): 0
2017-06-22 16:24:21.398+0000 INFO [o.n.k.i.DiagnosticsManager] UPGRADE_TRANSACTION_CHECKSUM (Checksum of transaction id the most recent upgrade was performed at): 0
2017-06-22 16:24:21.399+0000 INFO [o.n.k.i.DiagnosticsManager] LAST_CLOSED_TRANSACTION_LOG_VERSION (Log version where the last transaction commit entry has been written into): 0
2017-06-22 16:24:21.400+0000 INFO [o.n.k.i.DiagnosticsManager] LAST_CLOSED_TRANSACTION_LOG_BYTE_OFFSET (Byte offset in the log file where the last transaction commit entry has been written into): 16
2017-06-22 16:24:21.402+0000 INFO [o.n.k.i.DiagnosticsManager] LAST_TRANSACTION_COMMIT_TIMESTAMP (Commit time timestamp for last committed transaction): 0
2017-06-22 16:24:21.414+0000 INFO [o.n.k.i.DiagnosticsManager] UPGRADE_TRANSACTION_COMMIT_TIMESTAMP (Commit timestamp of transaction the most recent upgrade was performed at): 0
2017-06-22 16:24:21.415+0000 INFO [o.n.k.i.DiagnosticsManager] --- STARTED diagnostics for NEO_STORE_RECORDS END ---
2017-06-22 16:24:21.417+0000 INFO [o.n.k.i.DiagnosticsManager] --- STARTED diagnostics for TRANSACTION_RANGE START ---
2017-06-22 16:24:21.418+0000 INFO [o.n.k.i.DiagnosticsManager] Transaction log:
2017-06-22 16:24:21.424+0000 INFO [o.n.k.i.DiagnosticsManager] No transactions found in any log
2017-06-22 16:24:21.425+0000 INFO [o.n.k.i.DiagnosticsManager] --- STARTED diagnostics for TRANSACTION_RANGE END ---
2017-06-22 16:24:21.426+0000 INFO [o.n.k.i.DiagnosticsManager] --- STARTED diagnostics for KernelDiagnostics:StoreFiles START ---
2017-06-22 16:24:21.429+0000 INFO [o.n.k.i.DiagnosticsManager] Disk space on partition (Total / Free / Free %): 249821663232 / 107267641344 / 42
Storage files: (filename : modification date - size)
2017-06-22 16:24:21.433+0000 INFO [o.n.k.i.DiagnosticsManager]   index:
2017-06-22 16:24:21.437+0000 INFO [o.n.k.i.DiagnosticsManager]   - Total: 2017-06-22T16:24:16+0000 - 0.00 B
2017-06-22 16:24:21.440+0000 INFO [o.n.k.i.DiagnosticsManager]   neostore: 2017-06-22T16:24:16+0000 - 8.00 kB
2017-06-22 16:24:21.443+0000 INFO [o.n.k.i.DiagnosticsManager]   neostore.counts.db.a: 2017-06-22T16:24:16+0000 - 96.00 B
2017-06-22 16:24:21.446+0000 INFO [o.n.k.i.DiagnosticsManager]   neostore.id: 2017-06-22T16:24:16+0000 - 9.00 B
2017-06-22 16:24:21.449+0000 INFO [o.n.k.i.DiagnosticsManager]   neostore.labelscanstore.db: 2017-06-22T16:24:18+0000 - 40.00 kB
2017-06-22 16:24:21.451+0000 INFO [o.n.k.i.DiagnosticsManager]   neostore.labeltokenstore.db: 2017-06-22T16:24:16+0000 - 0.00 B
2017-06-22 16:24:21.454+0000 INFO [o.n.k.i.DiagnosticsManager]   neostore.labeltokenstore.db.id: 2017-06-22T16:24:16+0000 - 9.00 B
2017-06-22 16:24:21.457+0000 INFO [o.n.k.i.DiagnosticsManager]   neostore.labeltokenstore.db.names: 2017-06-22T16:24:16+0000 - 8.00 kB
2017-06-22 16:24:21.460+0000 INFO [o.n.k.i.DiagnosticsManager]   neostore.labeltokenstore.db.names.id: 2017-06-22T16:24:16+0000 - 9.00 B
2017-06-22 16:24:21.463+0000 INFO [o.n.k.i.DiagnosticsManager]   neostore.nodestore.db: 2017-06-22T16:24:15+0000 - 0.00 B
2017-06-22 16:24:21.465+0000 INFO [o.n.k.i.DiagnosticsManager]   neostore.nodestore.db.id: 2017-06-22T16:24:15+0000 - 9.00 B
2017-06-22 16:24:21.468+0000 INFO [o.n.k.i.DiagnosticsManager]   neostore.nodestore.db.labels: 2017-06-22T16:24:15+0000 - 8.00 kB
2017-06-22 16:24:21.471+0000 INFO [o.n.k.i.DiagnosticsManager]   neostore.nodestore.db.labels.id: 2017-06-22T16:24:15+0000 - 9.00 B
2017-06-22 16:24:21.473+0000 INFO [o.n.k.i.DiagnosticsManager]   neostore.propertystore.db: 2017-06-22T16:24:16+0000 - 0.00 B
2017-06-22 16:24:21.477+0000 INFO [o.n.k.i.DiagnosticsManager]   neostore.propertystore.db.arrays: 2017-06-22T16:24:16+0000 - 8.00 kB
2017-06-22 16:24:21.480+0000 INFO [o.n.k.i.DiagnosticsManager]   neostore.propertystore.db.arrays.id: 2017-06-22T16:24:16+0000 - 9.00 B
2017-06-22 16:24:21.485+0000 INFO [o.n.k.i.DiagnosticsManager]   neostore.propertystore.db.id: 2017-06-22T16:24:16+0000 - 9.00 B
2017-06-22 16:24:21.488+0000 INFO [o.n.k.i.DiagnosticsManager]   neostore.propertystore.db.index: 2017-06-22T16:24:16+0000 - 0.00 B
2017-06-22 16:24:21.490+0000 INFO [o.n.k.i.DiagnosticsManager]   neostore.propertystore.db.index.id: 2017-06-22T16:24:16+0000 - 9.00 B
2017-06-22 16:24:21.492+0000 INFO [o.n.k.i.DiagnosticsManager]   neostore.propertystore.db.index.keys: 2017-06-22T16:24:16+0000 - 8.00 kB
2017-06-22 16:24:21.495+0000 INFO [o.n.k.i.DiagnosticsManager]   neostore.propertystore.db.index.keys.id: 2017-06-22T16:24:16+0000 - 9.00 B
2017-06-22 16:24:21.497+0000 INFO [o.n.k.i.DiagnosticsManager]   neostore.propertystore.db.strings: 2017-06-22T16:24:16+0000 - 8.00 kB
2017-06-22 16:24:21.500+0000 INFO [o.n.k.i.DiagnosticsManager]   neostore.propertystore.db.strings.id: 2017-06-22T16:24:16+0000 - 9.00 B
2017-06-22 16:24:21.503+0000 INFO [o.n.k.i.DiagnosticsManager]   neostore.relationshipgroupstore.db: 2017-06-22T16:24:16+0000 - 8.00 kB
2017-06-22 16:24:21.506+0000 INFO [o.n.k.i.DiagnosticsManager]   neostore.relationshipgroupstore.db.id: 2017-06-22T16:24:16+0000 - 9.00 B
2017-06-22 16:24:21.509+0000 INFO [o.n.k.i.DiagnosticsManager]   neostore.relationshipstore.db: 2017-06-22T16:24:16+0000 - 0.00 B
2017-06-22 16:24:21.511+0000 INFO [o.n.k.i.DiagnosticsManager]   neostore.relationshipstore.db.id: 2017-06-22T16:24:16+0000 - 9.00 B
2017-06-22 16:24:21.513+0000 INFO [o.n.k.i.DiagnosticsManager]   neostore.relationshiptypestore.db: 2017-06-22T16:24:16+0000 - 0.00 B
2017-06-22 16:24:21.515+0000 INFO [o.n.k.i.DiagnosticsManager]   neostore.relationshiptypestore.db.id: 2017-06-22T16:24:16+0000 - 9.00 B
2017-06-22 16:24:21.519+0000 INFO [o.n.k.i.DiagnosticsManager]   neostore.relationshiptypestore.db.names: 2017-06-22T16:24:16+0000 - 8.00 kB
2017-06-22 16:24:21.521+0000 INFO [o.n.k.i.DiagnosticsManager]   neostore.relationshiptypestore.db.names.id: 2017-06-22T16:24:16+0000 - 9.00 B
2017-06-22 16:24:21.524+0000 INFO [o.n.k.i.DiagnosticsManager]   neostore.schemastore.db: 2017-06-22T16:24:16+0000 - 8.00 kB
2017-06-22 16:24:21.527+0000 INFO [o.n.k.i.DiagnosticsManager]   neostore.schemastore.db.id: 2017-06-22T16:24:16+0000 - 9.00 B
2017-06-22 16:24:21.532+0000 INFO [o.n.k.i.DiagnosticsManager]   neostore.transaction.db.0: 2017-06-22T16:24:16+0000 - 16.00 B
2017-06-22 16:24:21.534+0000 INFO [o.n.k.i.DiagnosticsManager]   store_lock: 2017-06-22T16:24:15+0000 - 0.00 B
2017-06-22 16:24:21.535+0000 INFO [o.n.k.i.DiagnosticsManager] --- STARTED diagnostics for KernelDiagnostics:StoreFiles END ---
2017-06-22 16:24:24.453+0000 INFO [o.n.k.i.DiagnosticsManager] --- SERVER STARTED START ---
2017-06-22 16:24:26.155+0000 INFO [o.n.k.i.DiagnosticsManager] --- SERVER STARTED END ---
2017-06-22 16:26:52.773+0000 INFO [o.n.k.i.a.i.IndexPopulationJob] Index population started: [:CrimeType(name) [provider: {key=lucene, version=1.0}]]
2017-06-22 16:26:53.108+0000 INFO [o.n.k.i.a.i.IndexPopulationJob] Index population started: [:Location(id) [provider: {key=lucene, version=1.0}]]
2017-06-22 16:26:53.200+0000 INFO [o.n.k.i.a.i.IndexPopulationJob] Index population started: [:Crime(id) [provider: {key=lucene, version=1.0}]]
2017-06-22 16:26:53.248+0000 INFO [o.n.k.i.a.i.IndexPopulationJob] Index population started: [:SubCategory(code) [provider: {key=lucene, version=1.0}]]
2017-06-22 16:26:53.283+0000 INFO [o.n.k.i.a.i.IndexPopulationJob] Index population started: [:CrimeType(crimeType) [provider: {key=lucene, version=1.0}]]
2017-06-22 16:26:53.318+0000 INFO [o.n.k.i.a.i.IndexPopulationJob] Index population started: [:Location(name) [provider: {key=lucene, version=1.0}]]
2017-06-22 16:26:53.346+0000 INFO [o.n.k.i.a.i.IndexPopulationJob] Index population started: [:Beat(id) [provider: {key=lucene, version=1.0}]]
2017-06-22 16:26:53.414+0000 INFO [o.n.k.i.a.i.IndexPopulationJob] Completed node store scan. Flushing all pending updates.
BatchingMultipleIndexPopulator{activeTasks=0, executor=java.util.concurrent.ThreadPoolExecutor@367604c3[Running, pool size = 0, active threads = 0, queued tasks = 0, completed tasks = 0], batchedUpdates = [9 updates, 9 updates, 6 updates, 5 updates], queuedUpdates = 29}
2017-06-22 16:26:53.427+0000 INFO [o.n.k.i.a.i.IndexPopulationJob] Shutting down executor.
BatchingMultipleIndexPopulator{activeTasks=4, executor=java.util.concurrent.ThreadPoolExecutor@367604c3[Running, pool size = 3, active threads = 3, queued tasks = 1, completed tasks = 0], batchedUpdates = [], queuedUpdates = 29}
2017-06-22 16:26:53.640+0000 INFO [o.n.k.i.a.i.IndexPopulationJob] Index population completed. Index is now online: [:CrimeType(name) [provider: {key=lucene, version=1.0}]]
2017-06-22 16:26:53.974+0000 INFO [o.n.k.i.a.i.IndexPopulationJob] Index population completed. Index is now online: [:Location(id) [provider: {key=lucene, version=1.0}]]
2017-06-22 16:26:54.092+0000 INFO [o.n.k.i.a.i.IndexPopulationJob] Index population completed. Index is now online: [:Crime(id) [provider: {key=lucene, version=1.0}]]
2017-06-22 16:26:54.146+0000 INFO [o.n.k.i.a.i.IndexPopulationJob] Index population completed. Index is now online: [:SubCategory(code) [provider: {key=lucene, version=1.0}]]
2017-06-22 16:26:54.265+0000 INFO [o.n.k.i.a.i.IndexPopulationJob] Index population completed. Index is now online: [:CrimeType(crimeType) [provider: {key=lucene, version=1.0}]]
2017-06-22 16:26:54.318+0000 INFO [o.n.k.i.a.i.IndexPopulationJob] Index population completed. Index is now online: [:Location(name) [provider: {key=lucene, version=1.0}]]
2017-06-22 16:26:54.399+0000 INFO [o.n.k.i.a.i.IndexPopulationJob] Index population completed. Index is now online: [:Beat(id) [provider: {key=lucene, version=1.0}]]
2017-06-22 16:29:26.120+0000 INFO [o.n.k.i.f.GraphDatabaseFacadeFactory] Shutdown started
2017-06-22 16:29:26.122+0000 INFO [o.n.k.i.f.GraphDatabaseFacadeFactory] Database is now unavailable
2017-06-22 16:29:26.170+0000 INFO [o.n.k.i.t.l.c.CheckPointerImpl] Check Pointing triggered by database shutdown [35]:  Starting check pointing...
2017-06-22 16:29:26.171+0000 INFO [o.n.k.i.t.l.c.CheckPointerImpl] Check Pointing triggered by database shutdown [35]:  Starting store flush...
2017-06-22 16:29:26.327+0000 INFO [o.n.k.i.s.c.CountsTracker] About to rotate counts store at transaction 35 to [/var/lib/neo4j/data/databases/graph.db/neostore.counts.db.b], from [/var/lib/neo4j/data/databases/graph.db/neostore.counts.db.a].
2017-06-22 16:29:26.345+0000 INFO [o.n.k.i.s.c.CountsTracker] Successfully rotated counts store at transaction 35 to [/var/lib/neo4j/data/databases/graph.db/neostore.counts.db.b], from [/var/lib/neo4j/data/databases/graph.db/neostore.counts.db.a].
2017-06-22 16:29:26.353+0000 INFO [o.n.k.i.t.l.c.CheckPointerImpl] Check Pointing triggered by database shutdown [35]:  Store flush completed
2017-06-22 16:29:26.354+0000 INFO [o.n.k.i.t.l.c.CheckPointerImpl] Check Pointing triggered by database shutdown [35]:  Starting appending check point entry into the tx log...
2017-06-22 16:29:26.355+0000 INFO [o.n.k.i.t.l.c.CheckPointerImpl] Check Pointing triggered by database shutdown [35]:  Appending check point entry into the tx log completed
2017-06-22 16:29:26.356+0000 INFO [o.n.k.i.t.l.c.CheckPointerImpl] Check Pointing triggered by database shutdown [35]:  Check pointing completed
2017-06-22 16:29:26.357+0000 INFO [o.n.k.i.t.l.p.LogPruningImpl] Log Rotation [0]:  Starting log pruning.
2017-06-22 16:29:26.358+0000 INFO [o.n.k.i.t.l.p.LogPruningImpl] Log Rotation [0]:  Log pruning complete.
2017-06-22 16:29:26.465+0000 INFO [o.n.k.i.DiagnosticsManager] --- STOPPING diagnostics START ---
2017-06-22 16:29:26.465+0000 INFO [o.n.k.i.DiagnosticsManager] --- STOPPING diagnostics END ---
